#
# There is insufficient memory for the Java Runtime Environment to continue.
# Native memory allocation (malloc) failed to allocate 32744 bytes for ChunkPool::allocate
# Possible reasons:
#   The system is out of physical RAM or swap space
#   The process is running with CompressedOops enabled, and the Java Heap may be blocking the growth of the native heap
# Possible solutions:
#   Reduce memory load on the system
#   Increase physical memory or swap space
#   Check if swap backing store is full
#   Decrease Java heap size (-Xmx/-Xms)
#   Decrease number of Java threads
#   Decrease Java thread stack sizes (-Xss)
#   Set larger code cache with -XX:ReservedCodeCacheSize=
#   JVM is running with Unscaled Compressed Oops mode in which the Java heap is
#     placed in the first 4GB address space. The Java Heap base address is the
#     maximum limit for the native heap growth. Please use -XX:HeapBaseMinAddress
#     to set the Java Heap base and to place the Java Heap above 4GB virtual address.
# This output file may be truncated or incomplete.
#
#  Out of Memory Error (./open/src/hotspot/share/memory/arena.cpp:81), pid=33832, tid=35088
#
# JRE version: Java(TM) SE Runtime Environment 18.9 (11.0.18+9) (build 11.0.18+9-LTS-195)
# Java VM: Java HotSpot(TM) 64-Bit Server VM 18.9 (11.0.18+9-LTS-195, mixed mode, tiered, compressed oops, g1 gc, windows-amd64)
# No core dump will be written. Minidumps are not enabled by default on client versions of Windows
#

---------------  S U M M A R Y ------------

Command Line: -Xmx64m -Xms64m -Dorg.gradle.appname=gradlew org.gradle.wrapper.GradleWrapperMain tasks

Host: AMD A9-9425 RADEON R5, 5 COMPUTE CORES 2C+3G   , 2 cores, 6G,  Windows 10 , 64 bit Build 19041 (10.0.19041.3636)
Time: Fri Jan  5 15:33:54 2024 India Standard Time elapsed time: 41.853684 seconds (0d 0h 0m 41s)

---------------  T H R E A D  ---------------

Current thread (0x0000027c64b0b000):  JavaThread "C2 CompilerThread0" daemon [_thread_in_native, id=35088, stack(0x000000c688000000,0x000000c688100000)]


Current CompileTask:
C2:  41853  396 %     4       java.lang.StringLatin1::toLowerCase @ 114 (180 bytes)

Stack: [0x000000c688000000,0x000000c688100000]
Native frames: (J=compiled Java code, j=interpreted, Vv=VM code, C=native code)
V  [jvm.dll+0x65d8aa]
V  [jvm.dll+0x79fc1f]
V  [jvm.dll+0x7a12e9]
V  [jvm.dll+0x7a1983]
V  [jvm.dll+0x2585b5]
V  [jvm.dll+0xb2abf]
V  [jvm.dll+0xb2e0c]
V  [jvm.dll+0xb2964]
V  [jvm.dll+0x63d13f]
V  [jvm.dll+0x68dcdb]
V  [jvm.dll+0x1a24e0]
V  [jvm.dll+0x2114fd]
V  [jvm.dll+0x210378]
V  [jvm.dll+0x18c641]
V  [jvm.dll+0x220609]
V  [jvm.dll+0x21e92c]
V  [jvm.dll+0x763f61]
V  [jvm.dll+0x75c924]
V  [jvm.dll+0x65c755]
C  [ucrtbase.dll+0x21bb2]
C  [KERNEL32.DLL+0x17344]
C  [ntdll.dll+0x526b1]


---------------  P R O C E S S  ---------------

Threads class SMR info:
_java_thread_list=0x0000027c64db3af0, length=10, elements={
0x0000027c4b9c4000, 0x0000027c64af3000, 0x0000027c64af5800, 0x0000027c64b61800,
0x0000027c64b64000, 0x0000027c64b65000, 0x0000027c64b0b000, 0x0000027c64b0c800,
0x0000027c64cd3000, 0x0000027c64dc4000
}

Java Threads: ( => current thread )
  0x0000027c4b9c4000 JavaThread "main" [_thread_blocked, id=33976, stack(0x000000c687300000,0x000000c687400000)]
  0x0000027c64af3000 JavaThread "Reference Handler" daemon [_thread_blocked, id=28504, stack(0x000000c687b00000,0x000000c687c00000)]
  0x0000027c64af5800 JavaThread "Finalizer" daemon [_thread_blocked, id=25876, stack(0x000000c687c00000,0x000000c687d00000)]
  0x0000027c64b61800 JavaThread "Signal Dispatcher" daemon [_thread_blocked, id=35076, stack(0x000000c687d00000,0x000000c687e00000)]
  0x0000027c64b64000 JavaThread "Attach Listener" daemon [_thread_blocked, id=35080, stack(0x000000c687e00000,0x000000c687f00000)]
  0x0000027c64b65000 JavaThread "Service Thread" daemon [_thread_blocked, id=35084, stack(0x000000c687f00000,0x000000c688000000)]
=>0x0000027c64b0b000 JavaThread "C2 CompilerThread0" daemon [_thread_in_native, id=35088, stack(0x000000c688000000,0x000000c688100000)]
  0x0000027c64b0c800 JavaThread "C1 CompilerThread0" daemon [_thread_in_native, id=35184, stack(0x000000c688100000,0x000000c688200000)]
  0x0000027c64cd3000 JavaThread "Sweeper thread" daemon [_thread_blocked, id=35276, stack(0x000000c688200000,0x000000c688300000)]
  0x0000027c64dc4000 JavaThread "Common-Cleaner" daemon [_thread_blocked, id=35356, stack(0x000000c688400000,0x000000c688500000)]

Other Threads:
  0x0000027c64af0000 VMThread "VM Thread" [stack: 0x000000c687a00000,0x000000c687b00000] [id=34796]
  0x0000027c64dc2800 WatcherThread [stack: 0x000000c688300000,0x000000c688400000] [id=35352]
  0x0000027c4b9d3000 GCTaskThread "GC Thread#0" [stack: 0x000000c687500000,0x000000c687600000] [id=34716]
  0x0000027c4b9d8800 ConcurrentGCThread "G1 Main Marker" [stack: 0x000000c687600000,0x000000c687700000] [id=34720]
  0x0000027c4b9db000 ConcurrentGCThread "G1 Conc#0" [stack: 0x000000c687700000,0x000000c687800000] [id=34724]
  0x0000027c4ba24800 ConcurrentGCThread "G1 Refine#0" [stack: 0x000000c687800000,0x000000c687900000] [id=34728]
  0x0000027c4ba25800 ConcurrentGCThread "G1 Young RemSet Sampling" [stack: 0x000000c687900000,0x000000c687a00000] [id=34732]

Threads with active compile tasks:
C2 CompilerThread0    46349  396 %     4       java.lang.StringLatin1::toLowerCase @ 114 (180 bytes)
C1 CompilerThread0    46349  400       3       java.util.ArrayList$Itr::next (66 bytes)

VM state:not at safepoint (normal execution)

VM Mutex/Monitor currently owned by a thread: None

OutOfMemory and StackOverflow Exception counts:
OutOfMemoryError java_heap_errors=1
LinkageErrors=4

Heap address: 0x00000000fc000000, size: 64 MB, Compressed Oops mode: 32-bit
Narrow klass base: 0x0000000000000000, Narrow klass shift: 3
Compressed class space size: 1073741824 Address: 0x0000000100000000

Heap:
 garbage-first heap   total 65536K, used 5120K [0x00000000fc000000, 0x0000000100000000)
  region size 1024K, 7 young (7168K), 0 survivors (0K)
 Metaspace       used 7141K, capacity 7292K, committed 7424K, reserved 1056768K
  class space    used 636K, capacity 684K, committed 768K, reserved 1048576K
Heap Regions: E=young(eden), S=young(survivor), O=old, HS=humongous(starts), HC=humongous(continues), CS=collection set, F=free, A=archive, TAMS=top-at-mark-start (previous, next)
|   0|0x00000000fc000000, 0x00000000fc000000, 0x00000000fc100000|  0%| F|  |TAMS 0x00000000fc000000, 0x00000000fc000000| Untracked 
|   1|0x00000000fc100000, 0x00000000fc100000, 0x00000000fc200000|  0%| F|  |TAMS 0x00000000fc100000, 0x00000000fc100000| Untracked 
|   2|0x00000000fc200000, 0x00000000fc200000, 0x00000000fc300000|  0%| F|  |TAMS 0x00000000fc200000, 0x00000000fc200000| Untracked 
|   3|0x00000000fc300000, 0x00000000fc300000, 0x00000000fc400000|  0%| F|  |TAMS 0x00000000fc300000, 0x00000000fc300000| Untracked 
|   4|0x00000000fc400000, 0x00000000fc400000, 0x00000000fc500000|  0%| F|  |TAMS 0x00000000fc400000, 0x00000000fc400000| Untracked 
|   5|0x00000000fc500000, 0x00000000fc500000, 0x00000000fc600000|  0%| F|  |TAMS 0x00000000fc500000, 0x00000000fc500000| Untracked 
|   6|0x00000000fc600000, 0x00000000fc600000, 0x00000000fc700000|  0%| F|  |TAMS 0x00000000fc600000, 0x00000000fc600000| Untracked 
|   7|0x00000000fc700000, 0x00000000fc700000, 0x00000000fc800000|  0%| F|  |TAMS 0x00000000fc700000, 0x00000000fc700000| Untracked 
|   8|0x00000000fc800000, 0x00000000fc800000, 0x00000000fc900000|  0%| F|  |TAMS 0x00000000fc800000, 0x00000000fc800000| Untracked 
|   9|0x00000000fc900000, 0x00000000fc900000, 0x00000000fca00000|  0%| F|  |TAMS 0x00000000fc900000, 0x00000000fc900000| Untracked 
|  10|0x00000000fca00000, 0x00000000fca00000, 0x00000000fcb00000|  0%| F|  |TAMS 0x00000000fca00000, 0x00000000fca00000| Untracked 
|  11|0x00000000fcb00000, 0x00000000fcb00000, 0x00000000fcc00000|  0%| F|  |TAMS 0x00000000fcb00000, 0x00000000fcb00000| Untracked 
|  12|0x00000000fcc00000, 0x00000000fcc00000, 0x00000000fcd00000|  0%| F|  |TAMS 0x00000000fcc00000, 0x00000000fcc00000| Untracked 
|  13|0x00000000fcd00000, 0x00000000fcd00000, 0x00000000fce00000|  0%| F|  |TAMS 0x00000000fcd00000, 0x00000000fcd00000| Untracked 
|  14|0x00000000fce00000, 0x00000000fce00000, 0x00000000fcf00000|  0%| F|  |TAMS 0x00000000fce00000, 0x00000000fce00000| Untracked 
|  15|0x00000000fcf00000, 0x00000000fcf00000, 0x00000000fd000000|  0%| F|  |TAMS 0x00000000fcf00000, 0x00000000fcf00000| Untracked 
|  16|0x00000000fd000000, 0x00000000fd000000, 0x00000000fd100000|  0%| F|  |TAMS 0x00000000fd000000, 0x00000000fd000000| Untracked 
|  17|0x00000000fd100000, 0x00000000fd100000, 0x00000000fd200000|  0%| F|  |TAMS 0x00000000fd100000, 0x00000000fd100000| Untracked 
|  18|0x00000000fd200000, 0x00000000fd200000, 0x00000000fd300000|  0%| F|  |TAMS 0x00000000fd200000, 0x00000000fd200000| Untracked 
|  19|0x00000000fd300000, 0x00000000fd300000, 0x00000000fd400000|  0%| F|  |TAMS 0x00000000fd300000, 0x00000000fd300000| Untracked 
|  20|0x00000000fd400000, 0x00000000fd400000, 0x00000000fd500000|  0%| F|  |TAMS 0x00000000fd400000, 0x00000000fd400000| Untracked 
|  21|0x00000000fd500000, 0x00000000fd500000, 0x00000000fd600000|  0%| F|  |TAMS 0x00000000fd500000, 0x00000000fd500000| Untracked 
|  22|0x00000000fd600000, 0x00000000fd600000, 0x00000000fd700000|  0%| F|  |TAMS 0x00000000fd600000, 0x00000000fd600000| Untracked 
|  23|0x00000000fd700000, 0x00000000fd700000, 0x00000000fd800000|  0%| F|  |TAMS 0x00000000fd700000, 0x00000000fd700000| Untracked 
|  24|0x00000000fd800000, 0x00000000fd800000, 0x00000000fd900000|  0%| F|  |TAMS 0x00000000fd800000, 0x00000000fd800000| Untracked 
|  25|0x00000000fd900000, 0x00000000fd900000, 0x00000000fda00000|  0%| F|  |TAMS 0x00000000fd900000, 0x00000000fd900000| Untracked 
|  26|0x00000000fda00000, 0x00000000fda00000, 0x00000000fdb00000|  0%| F|  |TAMS 0x00000000fda00000, 0x00000000fda00000| Untracked 
|  27|0x00000000fdb00000, 0x00000000fdb00000, 0x00000000fdc00000|  0%| F|  |TAMS 0x00000000fdb00000, 0x00000000fdb00000| Untracked 
|  28|0x00000000fdc00000, 0x00000000fdc00000, 0x00000000fdd00000|  0%| F|  |TAMS 0x00000000fdc00000, 0x00000000fdc00000| Untracked 
|  29|0x00000000fdd00000, 0x00000000fdd00000, 0x00000000fde00000|  0%| F|  |TAMS 0x00000000fdd00000, 0x00000000fdd00000| Untracked 
|  30|0x00000000fde00000, 0x00000000fde00000, 0x00000000fdf00000|  0%| F|  |TAMS 0x00000000fde00000, 0x00000000fde00000| Untracked 
|  31|0x00000000fdf00000, 0x00000000fdf00000, 0x00000000fe000000|  0%| F|  |TAMS 0x00000000fdf00000, 0x00000000fdf00000| Untracked 
|  32|0x00000000fe000000, 0x00000000fe000000, 0x00000000fe100000|  0%| F|  |TAMS 0x00000000fe000000, 0x00000000fe000000| Untracked 
|  33|0x00000000fe100000, 0x00000000fe100000, 0x00000000fe200000|  0%| F|  |TAMS 0x00000000fe100000, 0x00000000fe100000| Untracked 
|  34|0x00000000fe200000, 0x00000000fe200000, 0x00000000fe300000|  0%| F|  |TAMS 0x00000000fe200000, 0x00000000fe200000| Untracked 
|  35|0x00000000fe300000, 0x00000000fe300000, 0x00000000fe400000|  0%| F|  |TAMS 0x00000000fe300000, 0x00000000fe300000| Untracked 
|  36|0x00000000fe400000, 0x00000000fe400000, 0x00000000fe500000|  0%| F|  |TAMS 0x00000000fe400000, 0x00000000fe400000| Untracked 
|  37|0x00000000fe500000, 0x00000000fe500000, 0x00000000fe600000|  0%| F|  |TAMS 0x00000000fe500000, 0x00000000fe500000| Untracked 
|  38|0x00000000fe600000, 0x00000000fe600000, 0x00000000fe700000|  0%| F|  |TAMS 0x00000000fe600000, 0x00000000fe600000| Untracked 
|  39|0x00000000fe700000, 0x00000000fe700000, 0x00000000fe800000|  0%| F|  |TAMS 0x00000000fe700000, 0x00000000fe700000| Untracked 
|  40|0x00000000fe800000, 0x00000000fe800000, 0x00000000fe900000|  0%| F|  |TAMS 0x00000000fe800000, 0x00000000fe800000| Untracked 
|  41|0x00000000fe900000, 0x00000000fe900000, 0x00000000fea00000|  0%| F|  |TAMS 0x00000000fe900000, 0x00000000fe900000| Untracked 
|  42|0x00000000fea00000, 0x00000000fea00000, 0x00000000feb00000|  0%| F|  |TAMS 0x00000000fea00000, 0x00000000fea00000| Untracked 
|  43|0x00000000feb00000, 0x00000000feb00000, 0x00000000fec00000|  0%| F|  |TAMS 0x00000000feb00000, 0x00000000feb00000| Untracked 
|  44|0x00000000fec00000, 0x00000000fec00000, 0x00000000fed00000|  0%| F|  |TAMS 0x00000000fec00000, 0x00000000fec00000| Untracked 
|  45|0x00000000fed00000, 0x00000000fed00000, 0x00000000fee00000|  0%| F|  |TAMS 0x00000000fed00000, 0x00000000fed00000| Untracked 
|  46|0x00000000fee00000, 0x00000000fee00000, 0x00000000fef00000|  0%| F|  |TAMS 0x00000000fee00000, 0x00000000fee00000| Untracked 
|  47|0x00000000fef00000, 0x00000000fef00000, 0x00000000ff000000|  0%| F|  |TAMS 0x00000000fef00000, 0x00000000fef00000| Untracked 
|  48|0x00000000ff000000, 0x00000000ff000000, 0x00000000ff100000|  0%| F|  |TAMS 0x00000000ff000000, 0x00000000ff000000| Untracked 
|  49|0x00000000ff100000, 0x00000000ff100000, 0x00000000ff200000|  0%| F|  |TAMS 0x00000000ff100000, 0x00000000ff100000| Untracked 
|  50|0x00000000ff200000, 0x00000000ff200000, 0x00000000ff300000|  0%| F|  |TAMS 0x00000000ff200000, 0x00000000ff200000| Untracked 
|  51|0x00000000ff300000, 0x00000000ff300000, 0x00000000ff400000|  0%| F|  |TAMS 0x00000000ff300000, 0x00000000ff300000| Untracked 
|  52|0x00000000ff400000, 0x00000000ff400000, 0x00000000ff500000|  0%| F|  |TAMS 0x00000000ff400000, 0x00000000ff400000| Untracked 
|  53|0x00000000ff500000, 0x00000000ff500000, 0x00000000ff600000|  0%| F|  |TAMS 0x00000000ff500000, 0x00000000ff500000| Untracked 
|  54|0x00000000ff600000, 0x00000000ff600000, 0x00000000ff700000|  0%| F|  |TAMS 0x00000000ff600000, 0x00000000ff600000| Untracked 
|  55|0x00000000ff700000, 0x00000000ff700000, 0x00000000ff800000|  0%| F|  |TAMS 0x00000000ff700000, 0x00000000ff700000| Untracked 
|  56|0x00000000ff800000, 0x00000000ff800000, 0x00000000ff900000|  0%| F|  |TAMS 0x00000000ff800000, 0x00000000ff800000| Untracked 
|  57|0x00000000ff900000, 0x00000000ff924590, 0x00000000ffa00000| 14%| E|  |TAMS 0x00000000ff900000, 0x00000000ff900000| Complete 
|  58|0x00000000ffa00000, 0x00000000ffb00000, 0x00000000ffb00000|100%| E|CS|TAMS 0x00000000ffa00000, 0x00000000ffa00000| Complete 
|  59|0x00000000ffb00000, 0x00000000ffc00000, 0x00000000ffc00000|100%| E|CS|TAMS 0x00000000ffb00000, 0x00000000ffb00000| Complete 
|  60|0x00000000ffc00000, 0x00000000ffd00000, 0x00000000ffd00000|100%| E|CS|TAMS 0x00000000ffc00000, 0x00000000ffc00000| Complete 
|  61|0x00000000ffd00000, 0x00000000ffe00000, 0x00000000ffe00000|100%| E|  |TAMS 0x00000000ffd00000, 0x00000000ffd00000| Complete 
|  62|0x00000000ffe00000, 0x00000000fff00000, 0x00000000fff00000|100%| E|CS|TAMS 0x00000000ffe00000, 0x00000000ffe00000| Complete 
|  63|0x00000000fff00000, 0x0000000100000000, 0x0000000100000000|100%| E|CS|TAMS 0x00000000fff00000, 0x00000000fff00000| Complete 

Card table byte_map: [0x0000027c4b5c0000,0x0000027c4b5e0000] _byte_map_base: 0x0000027c4ade0000

Marking Bits (Prev, Next): (CMBitMap*) 0x0000027c4b9d7718, (CMBitMap*) 0x0000027c4b9d7750
 Prev Bits: [0x0000027c4b600000, 0x0000027c4b700000)
 Next Bits: [0x0000027c4b700000, 0x0000027c4b800000)

Polling page: 0x0000027c498d0000

Metaspace:

Usage:
  Non-class:      6.45 MB capacity,     6.35 MB ( 98%) used,    97.70 KB (  1%) free+waste,     5.19 KB ( <1%) overhead. 
      Class:    684.00 KB capacity,   636.30 KB ( 93%) used,    45.13 KB (  7%) free+waste,     2.56 KB ( <1%) overhead. 
       Both:      7.12 MB capacity,     6.97 MB ( 98%) used,   142.84 KB (  2%) free+waste,     7.75 KB ( <1%) overhead. 

Virtual space:
  Non-class space:        8.00 MB reserved,       6.50 MB ( 81%) committed 
      Class space:        1.00 GB reserved,     768.00 KB ( <1%) committed 
             Both:        1.01 GB reserved,       7.25 MB ( <1%) committed 

Chunk freelists:
   Non-Class:  6.00 KB
       Class:  2.50 KB
        Both:  8.50 KB

CodeHeap 'non-profiled nmethods': size=120064Kb used=104Kb max_used=104Kb free=119959Kb
 bounds [0x0000027c5ab60000, 0x0000027c5add0000, 0x0000027c620a0000]
CodeHeap 'profiled nmethods': size=120000Kb used=610Kb max_used=610Kb free=119390Kb
 bounds [0x0000027c53630000, 0x0000027c538a0000, 0x0000027c5ab60000]
CodeHeap 'non-nmethods': size=5696Kb used=1060Kb max_used=1071Kb free=4635Kb
 bounds [0x0000027c530a0000, 0x0000027c53310000, 0x0000027c53630000]
 total_blobs=752 nmethods=397 adapters=268
 compilation: enabled
              stopped_count=0, restarted_count=0
 full_count=0

Compilation events (10 events):
Event: 40.307 Thread 0x0000027c64b0c800  394       3       java.io.WinNTFileSystem::isLetter (30 bytes)
Event: 40.307 Thread 0x0000027c64b0b000  396 %     4       java.lang.StringLatin1::toLowerCase @ 114 (180 bytes)
Event: 40.307 Thread 0x0000027c64b0c800 nmethod 394 0x0000027c536c7790 code [0x0000027c536c7920, 0x0000027c536c7b38]
Event: 40.307 Thread 0x0000027c64b0c800  395       3       java.util.LinkedHashMap$LinkedHashIterator::hasNext (13 bytes)
Event: 40.308 Thread 0x0000027c64b0c800 nmethod 395 0x0000027c536c7c10 code [0x0000027c536c7da0, 0x0000027c536c7ef8]
Event: 40.308 Thread 0x0000027c64b0c800  397       3       java.util.LinkedHashMap$LinkedKeyIterator::next (8 bytes)
Event: 40.308 Thread 0x0000027c64b0c800 nmethod 397 0x0000027c536c7f90 code [0x0000027c536c8140, 0x0000027c536c8288]
Event: 40.318 Thread 0x0000027c64b0c800  399       3       java.util.Collections$UnmodifiableCollection$1::next (10 bytes)
Event: 40.318 Thread 0x0000027c64b0c800 nmethod 399 0x0000027c536c8390 code [0x0000027c536c8540, 0x0000027c536c8708]
Event: 40.320 Thread 0x0000027c64b0c800  400       3       java.util.ArrayList$Itr::next (66 bytes)

GC Heap History (0 events):
No events

Deoptimization events (1 events):
Event: 7.275 Thread 0x0000027c4b9c4000 Uncommon trap: reason=unstable_if action=reinterpret pc=0x0000027c5ab64020 method=java.lang.String.hashCode()I @ 14 c2

Classes redefined (0 events):
No events

Internal exceptions (4 events):
Event: 21.361 Thread 0x0000027c4b9c4000 Exception <a 'java/lang/NoSuchMethodError'{0x00000000ffec49d0}: java.lang.invoke.DirectMethodHandle$Holder.invokeStaticInit(Ljava/lang/Object;Ljava/lang/Object;)V> (0x00000000ffec49d0) thrown at [./open/src/hotspot/share/interpreter/linkResolver.cpp, line
Event: 31.464 Thread 0x0000027c4b9c4000 Exception <a 'java/lang/NoSuchMethodError'{0x00000000ffc40180}: java.lang.invoke.DirectMethodHandle$Holder.invokeStaticInit(Ljava/lang/Object;Ljava/lang/Object;)I> (0x00000000ffc40180) thrown at [./open/src/hotspot/share/interpreter/linkResolver.cpp, line
Event: 33.235 Thread 0x0000027c4b9c4000 Exception <a 'java/lang/NoSuchMethodError'{0x00000000ffb15ae8}: java.lang.invoke.DirectMethodHandle$Holder.invokeSpecial(Ljava/lang/Object;Ljava/lang/Object;Ljava/lang/Object;Ljava/lang/Object;)I> (0x00000000ffb15ae8) thrown at [./open/src/hotspot/share/i
Event: 33.889 Thread 0x0000027c4b9c4000 Exception <a 'java/lang/NoSuchMethodError'{0x00000000ffb4e368}: java.lang.invoke.DirectMethodHandle$Holder.invokeSpecialIFC(Ljava/lang/Object;Ljava/lang/Object;I)I> (0x00000000ffb4e368) thrown at [./open/src/hotspot/share/interpreter/linkResolver.cpp, lin

Events (10 events):
Event: 33.242 loading class org/gradle/util/internal/GUtil
Event: 33.242 loading class org/gradle/util/internal/GUtil done
Event: 33.244 loading class org/gradle/internal/InternalTransformer
Event: 33.244 loading class org/gradle/internal/InternalTransformer done
Event: 33.893 loading class org/gradle/internal/IoActions
Event: 33.893 loading class org/gradle/internal/IoActions done
Event: 33.894 loading class org/gradle/api/Action
Event: 33.894 loading class org/gradle/api/Action done
Event: 40.295 loading class jdk/internal/util/ArraysSupport
Event: 40.295 loading class jdk/internal/util/ArraysSupport done


Dynamic libraries:
0x00007ff71e790000 - 0x00007ff71e7a0000 	C:\Program Files\Java\jdk-11\bin\java.exe
0x00007ffd7b830000 - 0x00007ffd7ba28000 	C:\Windows\SYSTEM32\ntdll.dll
0x00007ffd79e20000 - 0x00007ffd79edd000 	C:\Windows\System32\KERNEL32.DLL
0x00007ffd78f40000 - 0x00007ffd79236000 	C:\Windows\System32\KERNELBASE.dll
0x00007ffd79400000 - 0x00007ffd79500000 	C:\Windows\System32\ucrtbase.dll
0x00007ffd72180000 - 0x00007ffd72198000 	C:\Program Files\Java\jdk-11\bin\jli.dll
0x00007ffd7a010000 - 0x00007ffd7a0bf000 	C:\Windows\System32\ADVAPI32.dll
0x00007ffd7a4a0000 - 0x00007ffd7a53e000 	C:\Windows\System32\msvcrt.dll
0x00007ffd79ee0000 - 0x00007ffd79f7c000 	C:\Windows\System32\sechost.dll
0x00007ffd7a760000 - 0x00007ffd7a886000 	C:\Windows\System32\RPCRT4.dll
0x00007ffd7a270000 - 0x00007ffd7a40e000 	C:\Windows\System32\USER32.dll
0x00007ffd79670000 - 0x00007ffd79692000 	C:\Windows\System32\win32u.dll
0x00007ffd79940000 - 0x00007ffd7996c000 	C:\Windows\System32\GDI32.dll
0x00007ffd79500000 - 0x00007ffd7961a000 	C:\Windows\System32\gdi32full.dll
0x00007ffd79360000 - 0x00007ffd793fd000 	C:\Windows\System32\msvcp_win.dll
0x00007ffd72040000 - 0x00007ffd7205b000 	C:\Program Files\Java\jdk-11\bin\VCRUNTIME140.dll
0x00007ffd6a520000 - 0x00007ffd6a7ba000 	C:\Windows\WinSxS\amd64_microsoft.windows.common-controls_6595b64144ccf1df_6.0.19041.3636_none_60b6a03d71f818d5\COMCTL32.dll
0x00007ffd70820000 - 0x00007ffd7082a000 	C:\Windows\SYSTEM32\VERSION.dll
0x00007ffd7a410000 - 0x00007ffd7a440000 	C:\Windows\System32\IMM32.DLL
0x00007ffd74850000 - 0x00007ffd7485c000 	C:\Program Files\Java\jdk-11\bin\vcruntime140_1.dll
0x00007ffd5bf00000 - 0x00007ffd5bf8e000 	C:\Program Files\Java\jdk-11\bin\msvcp140.dll
0x00007ffd2a460000 - 0x00007ffd2afc8000 	C:\Program Files\Java\jdk-11\bin\server\jvm.dll
0x00007ffd7a5b0000 - 0x00007ffd7a5b8000 	C:\Windows\System32\PSAPI.DLL
0x00007ffd74860000 - 0x00007ffd74869000 	C:\Windows\SYSTEM32\WSOCK32.dll
0x00007ffd79db0000 - 0x00007ffd79e1b000 	C:\Windows\System32\WS2_32.dll
0x00007ffd707f0000 - 0x00007ffd70817000 	C:\Windows\SYSTEM32\WINMM.dll
0x00007ffd76dd0000 - 0x00007ffd76de2000 	C:\Windows\SYSTEM32\kernel.appcore.dll
0x00007ffd723a0000 - 0x00007ffd723b0000 	C:\Program Files\Java\jdk-11\bin\verify.dll
0x00007ffd66a50000 - 0x00007ffd66c34000 	C:\Windows\SYSTEM32\DBGHELP.DLL
0x00007ffd66a10000 - 0x00007ffd66a44000 	C:\Windows\SYSTEM32\dbgcore.DLL
0x00007ffd796a0000 - 0x00007ffd79722000 	C:\Windows\System32\bcryptPrimitives.dll
0x00007ffd70fe0000 - 0x00007ffd71008000 	C:\Program Files\Java\jdk-11\bin\java.dll
0x00007ffd721f0000 - 0x00007ffd721fa000 	C:\Program Files\Java\jdk-11\bin\jimage.dll
0x00007ffd71050000 - 0x00007ffd71067000 	C:\Program Files\Java\jdk-11\bin\zip.dll
0x00007ffd7a890000 - 0x00007ffd7afd5000 	C:\Windows\System32\SHELL32.dll
0x00007ffd76fd0000 - 0x00007ffd7776b000 	C:\Windows\SYSTEM32\windows.storage.dll
0x00007ffd79a50000 - 0x00007ffd79da4000 	C:\Windows\System32\combase.dll
0x00007ffd78880000 - 0x00007ffd788ad000 	C:\Windows\SYSTEM32\Wldp.dll
0x00007ffd79890000 - 0x00007ffd7993d000 	C:\Windows\System32\SHCORE.dll
0x00007ffd7a440000 - 0x00007ffd7a495000 	C:\Windows\System32\shlwapi.dll
0x00007ffd78e40000 - 0x00007ffd78e65000 	C:\Windows\SYSTEM32\profapi.dll
0x00007ffd70fc0000 - 0x00007ffd70fd9000 	C:\Program Files\Java\jdk-11\bin\net.dll
0x00007ffd6b630000 - 0x00007ffd6b73a000 	C:\Windows\SYSTEM32\WINHTTP.dll
0x00007ffd785e0000 - 0x00007ffd7864a000 	C:\Windows\system32\mswsock.dll
0x00007ffd70f40000 - 0x00007ffd70f52000 	C:\Program Files\Java\jdk-11\bin\nio.dll

dbghelp: loaded successfully - version: 4.0.5 - missing functions: none
symbol engine: initialized successfully - sym options: 0x614 - pdb path: .;C:\Program Files\Java\jdk-11\bin;C:\Windows\SYSTEM32;C:\Windows\WinSxS\amd64_microsoft.windows.common-controls_6595b64144ccf1df_6.0.19041.3636_none_60b6a03d71f818d5;C:\Program Files\Java\jdk-11\bin\server

VM Arguments:
jvm_args: -Xmx64m -Xms64m -Dorg.gradle.appname=gradlew 
java_command: org.gradle.wrapper.GradleWrapperMain tasks
java_class_path (initial): D:\TLNew\PetMeOut\android\\gradle\wrapper\gradle-wrapper.jar
Launcher Type: SUN_STANDARD

[Global flags]
     intx CICompilerCount                          = 2                                         {product} {ergonomic}
     uint ConcGCThreads                            = 1                                         {product} {ergonomic}
     uint G1ConcRefinementThreads                  = 2                                         {product} {ergonomic}
   size_t G1HeapRegionSize                         = 1048576                                   {product} {ergonomic}
    uintx GCDrainStackTargetSize                   = 64                                        {product} {ergonomic}
   size_t InitialHeapSize                          = 67108864                                  {product} {command line}
   size_t MarkStackSize                            = 4194304                                   {product} {ergonomic}
   size_t MaxHeapSize                              = 67108864                                  {product} {command line}
   size_t MaxNewSize                               = 39845888                                  {product} {ergonomic}
   size_t MinHeapDeltaBytes                        = 1048576                                   {product} {ergonomic}
    uintx NonNMethodCodeHeapSize                   = 5825164                                {pd product} {ergonomic}
    uintx NonProfiledCodeHeapSize                  = 122916538                              {pd product} {ergonomic}
    uintx ProfiledCodeHeapSize                     = 122916538                              {pd product} {ergonomic}
    uintx ReservedCodeCacheSize                    = 251658240                              {pd product} {ergonomic}
     bool SegmentedCodeCache                       = true                                      {product} {ergonomic}
     bool UseCompressedClassPointers               = true                                 {lp64_product} {ergonomic}
     bool UseCompressedOops                        = true                                 {lp64_product} {ergonomic}
     bool UseG1GC                                  = true                                      {product} {ergonomic}
     bool UseLargePagesIndividualAllocation        = false                                  {pd product} {ergonomic}

Logging:
Log output configuration:
 #0: stdout all=warning uptime,level,tags
 #1: stderr all=off uptime,level,tags

Environment Variables:
JAVA_HOME=C:\Program Files\Java\jdk-11
CLASSPATH=D:\TLNew\PetMeOut\android\\gradle\wrapper\gradle-wrapper.jar
PATH=D:\TLNew\PetMeOut\node_modules\.bin;D:\TLNew\PetMeOut\node_modules\.bin;D:\TLNew\node_modules\.bin;D:\node_modules\.bin;C:\Program Files\nodejs\node_modules\npm\node_modules\@npmcli\run-script\lib\node-gyp-bin;D:\TLNew\PetMeOut\node_modules\.bin;D:\TLNew\PetMeOut\node_modules\.bin;D:\TLNew\node_modules\.bin;D:\node_modules\.bin;C:\Program Files\nodejs\node_modules\npm\node_modules\@npmcli\run-script\lib\node-gyp-bin;C:\Program Files\Java\jdk-11\bin;C:\Program Files\nodejs\;C:\Program Files\Git\cmd;C:\Users\Admin\AppData\Local\Android\Sdk\platform-tools;C:\Users\Admin\AppData\Local\Programs\Microsoft VS Code\bin
USERNAME=Admin
OS=Windows_NT
PROCESSOR_IDENTIFIER=AMD64 Family 21 Model 112 Stepping 0, AuthenticAMD



---------------  S Y S T E M  ---------------

OS: Windows 10 , 64 bit Build 19041 (10.0.19041.3636)

CPU:total 2 (initial active 2) (2 cores per cpu, 1 threads per core) family 21 model 112 stepping 0 microcode 0x0, cmov, cx8, fxsr, mmx, sse, sse2, sse3, ssse3, sse4.1, sse4.2, popcnt, avx, avx2, aes, clmul, mmxext, 3dnowpref, lzcnt, sse4a, tsc, tscinvbit, tscinv, bmi1, bmi2, fma

Memory: 4k page, system-wide physical 6766M (478M free)
TotalPageFile size 21989M (AvailPageFile size 87M)
current process WorkingSet (physical memory assigned to process): 38M, peak: 38M
current process commit charge ("private bytes"): 127M, peak: 128M

vm_info: Java HotSpot(TM) 64-Bit Server VM (11.0.18+9-LTS-195) for windows-amd64 JRE (11.0.18+9-LTS-195), built on Dec  6 2022 15:50:58 by "mach5one" with MS VC++ 17.1 (VS2022)

END.
