#
# There is insufficient memory for the Java Runtime Environment to continue.
# Native memory allocation (malloc) failed to allocate 32744 bytes for ChunkPool::allocate
# Possible reasons:
#   The system is out of physical RAM or swap space
#   The process is running with CompressedOops enabled, and the Java Heap may be blocking the growth of the native heap
# Possible solutions:
#   Reduce memory load on the system
#   Increase physical memory or swap space
#   Check if swap backing store is full
#   Decrease Java heap size (-Xmx/-Xms)
#   Decrease number of Java threads
#   Decrease Java thread stack sizes (-Xss)
#   Set larger code cache with -XX:ReservedCodeCacheSize=
#   JVM is running with Unscaled Compressed Oops mode in which the Java heap is
#     placed in the first 4GB address space. The Java Heap base address is the
#     maximum limit for the native heap growth. Please use -XX:HeapBaseMinAddress
#     to set the Java Heap base and to place the Java Heap above 4GB virtual address.
# This output file may be truncated or incomplete.
#
#  Out of Memory Error (./open/src/hotspot/share/memory/arena.cpp:81), pid=22868, tid=26536
#
# JRE version: Java(TM) SE Runtime Environment 18.9 (11.0.18+9) (build 11.0.18+9-LTS-195)
# Java VM: Java HotSpot(TM) 64-Bit Server VM 18.9 (11.0.18+9-LTS-195, mixed mode, tiered, compressed oops, g1 gc, windows-amd64)
# No core dump will be written. Minidumps are not enabled by default on client versions of Windows
#

---------------  S U M M A R Y ------------

Command Line: -Xmx64m -Xms64m -Dorg.gradle.appname=gradlew org.gradle.wrapper.GradleWrapperMain tasks

Host: AMD A9-9425 RADEON R5, 5 COMPUTE CORES 2C+3G   , 2 cores, 6G,  Windows 10 , 64 bit Build 19041 (10.0.19041.3636)
Time: Fri Jan  5 18:09:23 2024 India Standard Time elapsed time: 37.252547 seconds (0d 0h 0m 37s)

---------------  T H R E A D  ---------------

Current thread (0x000002553973b800):  JavaThread "C2 CompilerThread0" daemon [_thread_in_native, id=26536, stack(0x00000059eef00000,0x00000059ef000000)]


Current CompileTask:
C2:  37252  414       4       java.util.zip.ZipUtils::CENNAM (9 bytes)

Stack: [0x00000059eef00000,0x00000059ef000000]
Native frames: (J=compiled Java code, j=interpreted, Vv=VM code, C=native code)
V  [jvm.dll+0x65d8aa]
V  [jvm.dll+0x79fc1f]
V  [jvm.dll+0x7a12e9]
V  [jvm.dll+0x7a1983]
V  [jvm.dll+0x2585b5]
V  [jvm.dll+0xb2abf]
V  [jvm.dll+0xb2e0c]
V  [jvm.dll+0x63bea2]
V  [jvm.dll+0x5f1c59]
V  [jvm.dll+0x5f0927]
V  [jvm.dll+0x211225]
V  [jvm.dll+0x210378]
V  [jvm.dll+0x18c641]
V  [jvm.dll+0x220609]
V  [jvm.dll+0x21e92c]
V  [jvm.dll+0x763f61]
V  [jvm.dll+0x75c924]
V  [jvm.dll+0x65c755]
C  [ucrtbase.dll+0x21bb2]
C  [KERNEL32.DLL+0x17344]
C  [ntdll.dll+0x526b1]


---------------  P R O C E S S  ---------------

Threads class SMR info:
_java_thread_list=0x00000255399e2ef0, length=10, elements={
0x00000255205f4800, 0x0000025539723800, 0x0000025539725800, 0x0000025539791800,
0x0000025539794000, 0x0000025539795000, 0x000002553973b800, 0x00000255397dd000,
0x00000255397de800, 0x0000025539a1a000
}

Java Threads: ( => current thread )
  0x00000255205f4800 JavaThread "main" [_thread_in_native, id=26248, stack(0x00000059ee200000,0x00000059ee300000)]
  0x0000025539723800 JavaThread "Reference Handler" daemon [_thread_blocked, id=26492, stack(0x00000059eea00000,0x00000059eeb00000)]
  0x0000025539725800 JavaThread "Finalizer" daemon [_thread_blocked, id=26496, stack(0x00000059eeb00000,0x00000059eec00000)]
  0x0000025539791800 JavaThread "Signal Dispatcher" daemon [_thread_blocked, id=26524, stack(0x00000059eec00000,0x00000059eed00000)]
  0x0000025539794000 JavaThread "Attach Listener" daemon [_thread_blocked, id=26528, stack(0x00000059eed00000,0x00000059eee00000)]
  0x0000025539795000 JavaThread "Service Thread" daemon [_thread_blocked, id=26532, stack(0x00000059eee00000,0x00000059eef00000)]
=>0x000002553973b800 JavaThread "C2 CompilerThread0" daemon [_thread_in_native, id=26536, stack(0x00000059eef00000,0x00000059ef000000)]
  0x00000255397dd000 JavaThread "C1 CompilerThread0" daemon [_thread_blocked, id=26544, stack(0x00000059ef000000,0x00000059ef100000)]
  0x00000255397de800 JavaThread "Sweeper thread" daemon [_thread_blocked, id=26552, stack(0x00000059ef100000,0x00000059ef200000)]
  0x0000025539a1a000 JavaThread "Common-Cleaner" daemon [_thread_blocked, id=21004, stack(0x00000059ef300000,0x00000059ef400000)]

Other Threads:
  0x00000255396fd000 VMThread "VM Thread" [stack: 0x00000059ee900000,0x00000059eea00000] [id=26400]
  0x0000025539a19000 WatcherThread [stack: 0x00000059ef200000,0x00000059ef300000] [id=4076]
  0x0000025520603800 GCTaskThread "GC Thread#0" [stack: 0x00000059ee400000,0x00000059ee500000] [id=26368]
  0x0000025520609000 ConcurrentGCThread "G1 Main Marker" [stack: 0x00000059ee500000,0x00000059ee600000] [id=26372]
  0x000002552060a800 ConcurrentGCThread "G1 Conc#0" [stack: 0x00000059ee600000,0x00000059ee700000] [id=26376]
  0x0000025520655000 ConcurrentGCThread "G1 Refine#0" [stack: 0x00000059ee700000,0x00000059ee800000] [id=26380]
  0x0000025520656000 ConcurrentGCThread "G1 Young RemSet Sampling" [stack: 0x00000059ee800000,0x00000059ee900000] [id=26384]

Threads with active compile tasks:
C2 CompilerThread0    37314  414       4       java.util.zip.ZipUtils::CENNAM (9 bytes)

VM state:not at safepoint (normal execution)

VM Mutex/Monitor currently owned by a thread: None

Heap address: 0x00000000fc000000, size: 64 MB, Compressed Oops mode: 32-bit
Narrow klass base: 0x0000000000000000, Narrow klass shift: 3
Compressed class space size: 1073741824 Address: 0x0000000100000000

Heap:
 garbage-first heap   total 65536K, used 5120K [0x00000000fc000000, 0x0000000100000000)
  region size 1024K, 7 young (7168K), 0 survivors (0K)
 Metaspace       used 7092K, capacity 7229K, committed 7424K, reserved 1056768K
  class space    used 629K, capacity 684K, committed 768K, reserved 1048576K
Heap Regions: E=young(eden), S=young(survivor), O=old, HS=humongous(starts), HC=humongous(continues), CS=collection set, F=free, A=archive, TAMS=top-at-mark-start (previous, next)
|   0|0x00000000fc000000, 0x00000000fc000000, 0x00000000fc100000|  0%| F|  |TAMS 0x00000000fc000000, 0x00000000fc000000| Untracked 
|   1|0x00000000fc100000, 0x00000000fc100000, 0x00000000fc200000|  0%| F|  |TAMS 0x00000000fc100000, 0x00000000fc100000| Untracked 
|   2|0x00000000fc200000, 0x00000000fc200000, 0x00000000fc300000|  0%| F|  |TAMS 0x00000000fc200000, 0x00000000fc200000| Untracked 
|   3|0x00000000fc300000, 0x00000000fc300000, 0x00000000fc400000|  0%| F|  |TAMS 0x00000000fc300000, 0x00000000fc300000| Untracked 
|   4|0x00000000fc400000, 0x00000000fc400000, 0x00000000fc500000|  0%| F|  |TAMS 0x00000000fc400000, 0x00000000fc400000| Untracked 
|   5|0x00000000fc500000, 0x00000000fc500000, 0x00000000fc600000|  0%| F|  |TAMS 0x00000000fc500000, 0x00000000fc500000| Untracked 
|   6|0x00000000fc600000, 0x00000000fc600000, 0x00000000fc700000|  0%| F|  |TAMS 0x00000000fc600000, 0x00000000fc600000| Untracked 
|   7|0x00000000fc700000, 0x00000000fc700000, 0x00000000fc800000|  0%| F|  |TAMS 0x00000000fc700000, 0x00000000fc700000| Untracked 
|   8|0x00000000fc800000, 0x00000000fc800000, 0x00000000fc900000|  0%| F|  |TAMS 0x00000000fc800000, 0x00000000fc800000| Untracked 
|   9|0x00000000fc900000, 0x00000000fc900000, 0x00000000fca00000|  0%| F|  |TAMS 0x00000000fc900000, 0x00000000fc900000| Untracked 
|  10|0x00000000fca00000, 0x00000000fca00000, 0x00000000fcb00000|  0%| F|  |TAMS 0x00000000fca00000, 0x00000000fca00000| Untracked 
|  11|0x00000000fcb00000, 0x00000000fcb00000, 0x00000000fcc00000|  0%| F|  |TAMS 0x00000000fcb00000, 0x00000000fcb00000| Untracked 
|  12|0x00000000fcc00000, 0x00000000fcc00000, 0x00000000fcd00000|  0%| F|  |TAMS 0x00000000fcc00000, 0x00000000fcc00000| Untracked 
|  13|0x00000000fcd00000, 0x00000000fcd00000, 0x00000000fce00000|  0%| F|  |TAMS 0x00000000fcd00000, 0x00000000fcd00000| Untracked 
|  14|0x00000000fce00000, 0x00000000fce00000, 0x00000000fcf00000|  0%| F|  |TAMS 0x00000000fce00000, 0x00000000fce00000| Untracked 
|  15|0x00000000fcf00000, 0x00000000fcf00000, 0x00000000fd000000|  0%| F|  |TAMS 0x00000000fcf00000, 0x00000000fcf00000| Untracked 
|  16|0x00000000fd000000, 0x00000000fd000000, 0x00000000fd100000|  0%| F|  |TAMS 0x00000000fd000000, 0x00000000fd000000| Untracked 
|  17|0x00000000fd100000, 0x00000000fd100000, 0x00000000fd200000|  0%| F|  |TAMS 0x00000000fd100000, 0x00000000fd100000| Untracked 
|  18|0x00000000fd200000, 0x00000000fd200000, 0x00000000fd300000|  0%| F|  |TAMS 0x00000000fd200000, 0x00000000fd200000| Untracked 
|  19|0x00000000fd300000, 0x00000000fd300000, 0x00000000fd400000|  0%| F|  |TAMS 0x00000000fd300000, 0x00000000fd300000| Untracked 
|  20|0x00000000fd400000, 0x00000000fd400000, 0x00000000fd500000|  0%| F|  |TAMS 0x00000000fd400000, 0x00000000fd400000| Untracked 
|  21|0x00000000fd500000, 0x00000000fd500000, 0x00000000fd600000|  0%| F|  |TAMS 0x00000000fd500000, 0x00000000fd500000| Untracked 
|  22|0x00000000fd600000, 0x00000000fd600000, 0x00000000fd700000|  0%| F|  |TAMS 0x00000000fd600000, 0x00000000fd600000| Untracked 
|  23|0x00000000fd700000, 0x00000000fd700000, 0x00000000fd800000|  0%| F|  |TAMS 0x00000000fd700000, 0x00000000fd700000| Untracked 
|  24|0x00000000fd800000, 0x00000000fd800000, 0x00000000fd900000|  0%| F|  |TAMS 0x00000000fd800000, 0x00000000fd800000| Untracked 
|  25|0x00000000fd900000, 0x00000000fd900000, 0x00000000fda00000|  0%| F|  |TAMS 0x00000000fd900000, 0x00000000fd900000| Untracked 
|  26|0x00000000fda00000, 0x00000000fda00000, 0x00000000fdb00000|  0%| F|  |TAMS 0x00000000fda00000, 0x00000000fda00000| Untracked 
|  27|0x00000000fdb00000, 0x00000000fdb00000, 0x00000000fdc00000|  0%| F|  |TAMS 0x00000000fdb00000, 0x00000000fdb00000| Untracked 
|  28|0x00000000fdc00000, 0x00000000fdc00000, 0x00000000fdd00000|  0%| F|  |TAMS 0x00000000fdc00000, 0x00000000fdc00000| Untracked 
|  29|0x00000000fdd00000, 0x00000000fdd00000, 0x00000000fde00000|  0%| F|  |TAMS 0x00000000fdd00000, 0x00000000fdd00000| Untracked 
|  30|0x00000000fde00000, 0x00000000fde00000, 0x00000000fdf00000|  0%| F|  |TAMS 0x00000000fde00000, 0x00000000fde00000| Untracked 
|  31|0x00000000fdf00000, 0x00000000fdf00000, 0x00000000fe000000|  0%| F|  |TAMS 0x00000000fdf00000, 0x00000000fdf00000| Untracked 
|  32|0x00000000fe000000, 0x00000000fe000000, 0x00000000fe100000|  0%| F|  |TAMS 0x00000000fe000000, 0x00000000fe000000| Untracked 
|  33|0x00000000fe100000, 0x00000000fe100000, 0x00000000fe200000|  0%| F|  |TAMS 0x00000000fe100000, 0x00000000fe100000| Untracked 
|  34|0x00000000fe200000, 0x00000000fe200000, 0x00000000fe300000|  0%| F|  |TAMS 0x00000000fe200000, 0x00000000fe200000| Untracked 
|  35|0x00000000fe300000, 0x00000000fe300000, 0x00000000fe400000|  0%| F|  |TAMS 0x00000000fe300000, 0x00000000fe300000| Untracked 
|  36|0x00000000fe400000, 0x00000000fe400000, 0x00000000fe500000|  0%| F|  |TAMS 0x00000000fe400000, 0x00000000fe400000| Untracked 
|  37|0x00000000fe500000, 0x00000000fe500000, 0x00000000fe600000|  0%| F|  |TAMS 0x00000000fe500000, 0x00000000fe500000| Untracked 
|  38|0x00000000fe600000, 0x00000000fe600000, 0x00000000fe700000|  0%| F|  |TAMS 0x00000000fe600000, 0x00000000fe600000| Untracked 
|  39|0x00000000fe700000, 0x00000000fe700000, 0x00000000fe800000|  0%| F|  |TAMS 0x00000000fe700000, 0x00000000fe700000| Untracked 
|  40|0x00000000fe800000, 0x00000000fe800000, 0x00000000fe900000|  0%| F|  |TAMS 0x00000000fe800000, 0x00000000fe800000| Untracked 
|  41|0x00000000fe900000, 0x00000000fe900000, 0x00000000fea00000|  0%| F|  |TAMS 0x00000000fe900000, 0x00000000fe900000| Untracked 
|  42|0x00000000fea00000, 0x00000000fea00000, 0x00000000feb00000|  0%| F|  |TAMS 0x00000000fea00000, 0x00000000fea00000| Untracked 
|  43|0x00000000feb00000, 0x00000000feb00000, 0x00000000fec00000|  0%| F|  |TAMS 0x00000000feb00000, 0x00000000feb00000| Untracked 
|  44|0x00000000fec00000, 0x00000000fec00000, 0x00000000fed00000|  0%| F|  |TAMS 0x00000000fec00000, 0x00000000fec00000| Untracked 
|  45|0x00000000fed00000, 0x00000000fed00000, 0x00000000fee00000|  0%| F|  |TAMS 0x00000000fed00000, 0x00000000fed00000| Untracked 
|  46|0x00000000fee00000, 0x00000000fee00000, 0x00000000fef00000|  0%| F|  |TAMS 0x00000000fee00000, 0x00000000fee00000| Untracked 
|  47|0x00000000fef00000, 0x00000000fef00000, 0x00000000ff000000|  0%| F|  |TAMS 0x00000000fef00000, 0x00000000fef00000| Untracked 
|  48|0x00000000ff000000, 0x00000000ff000000, 0x00000000ff100000|  0%| F|  |TAMS 0x00000000ff000000, 0x00000000ff000000| Untracked 
|  49|0x00000000ff100000, 0x00000000ff100000, 0x00000000ff200000|  0%| F|  |TAMS 0x00000000ff100000, 0x00000000ff100000| Untracked 
|  50|0x00000000ff200000, 0x00000000ff200000, 0x00000000ff300000|  0%| F|  |TAMS 0x00000000ff200000, 0x00000000ff200000| Untracked 
|  51|0x00000000ff300000, 0x00000000ff300000, 0x00000000ff400000|  0%| F|  |TAMS 0x00000000ff300000, 0x00000000ff300000| Untracked 
|  52|0x00000000ff400000, 0x00000000ff400000, 0x00000000ff500000|  0%| F|  |TAMS 0x00000000ff400000, 0x00000000ff400000| Untracked 
|  53|0x00000000ff500000, 0x00000000ff500000, 0x00000000ff600000|  0%| F|  |TAMS 0x00000000ff500000, 0x00000000ff500000| Untracked 
|  54|0x00000000ff600000, 0x00000000ff600000, 0x00000000ff700000|  0%| F|  |TAMS 0x00000000ff600000, 0x00000000ff600000| Untracked 
|  55|0x00000000ff700000, 0x00000000ff700000, 0x00000000ff800000|  0%| F|  |TAMS 0x00000000ff700000, 0x00000000ff700000| Untracked 
|  56|0x00000000ff800000, 0x00000000ff800000, 0x00000000ff900000|  0%| F|  |TAMS 0x00000000ff800000, 0x00000000ff800000| Untracked 
|  57|0x00000000ff900000, 0x00000000ff9d80e8, 0x00000000ffa00000| 84%| E|  |TAMS 0x00000000ff900000, 0x00000000ff900000| Complete 
|  58|0x00000000ffa00000, 0x00000000ffb00000, 0x00000000ffb00000|100%| E|CS|TAMS 0x00000000ffa00000, 0x00000000ffa00000| Complete 
|  59|0x00000000ffb00000, 0x00000000ffc00000, 0x00000000ffc00000|100%| E|CS|TAMS 0x00000000ffb00000, 0x00000000ffb00000| Complete 
|  60|0x00000000ffc00000, 0x00000000ffd00000, 0x00000000ffd00000|100%| E|CS|TAMS 0x00000000ffc00000, 0x00000000ffc00000| Complete 
|  61|0x00000000ffd00000, 0x00000000ffe00000, 0x00000000ffe00000|100%| E|  |TAMS 0x00000000ffd00000, 0x00000000ffd00000| Complete 
|  62|0x00000000ffe00000, 0x00000000fff00000, 0x00000000fff00000|100%| E|CS|TAMS 0x00000000ffe00000, 0x00000000ffe00000| Complete 
|  63|0x00000000fff00000, 0x0000000100000000, 0x0000000100000000|100%| E|CS|TAMS 0x00000000fff00000, 0x00000000fff00000| Complete 

Card table byte_map: [0x000002551e5b0000,0x000002551e5d0000] _byte_map_base: 0x000002551ddd0000

Marking Bits (Prev, Next): (CMBitMap*) 0x0000025520607e38, (CMBitMap*) 0x0000025520607e70
 Prev Bits: [0x00000255201d0000, 0x00000255202d0000)
 Next Bits: [0x00000255202d0000, 0x00000255203d0000)

Polling page: 0x000002551e560000

Metaspace:

Usage:
  Non-class:      6.39 MB capacity,     6.31 MB ( 99%) used,    77.35 KB (  1%) free+waste,     5.19 KB ( <1%) overhead. 
      Class:    684.00 KB capacity,   629.95 KB ( 92%) used,    51.48 KB (  8%) free+waste,     2.56 KB ( <1%) overhead. 
       Both:      7.06 MB capacity,     6.93 MB ( 98%) used,   128.84 KB (  2%) free+waste,     7.75 KB ( <1%) overhead. 

Virtual space:
  Non-class space:        8.00 MB reserved,       6.50 MB ( 81%) committed 
      Class space:        1.00 GB reserved,     768.00 KB ( <1%) committed 
             Both:        1.01 GB reserved,       7.25 MB ( <1%) committed 

Chunk freelists:
   Non-Class:  5.88 KB
       Class:  2.50 KB
        Both:  8.38 KB

CodeHeap 'non-profiled nmethods': size=120064Kb used=115Kb max_used=115Kb free=119948Kb
 bounds [0x000002552f790000, 0x000002552fa00000, 0x0000025536cd0000]
CodeHeap 'profiled nmethods': size=120000Kb used=700Kb max_used=700Kb free=119299Kb
 bounds [0x0000025528260000, 0x00000255284d0000, 0x000002552f790000]
CodeHeap 'non-nmethods': size=5696Kb used=1059Kb max_used=1073Kb free=4636Kb
 bounds [0x0000025527cd0000, 0x0000025527f40000, 0x0000025528260000]
 total_blobs=771 nmethods=417 adapters=267
 compilation: enabled
              stopped_count=0, restarted_count=0
 full_count=0

Compilation events (10 events):
Event: 34.879 Thread 0x00000255397dd000  410       1       org.gradle.internal.installation.GradleInstallation::getLibDirs (5 bytes)
Event: 34.879 Thread 0x00000255397dd000 nmethod 410 0x000002552f7ac010 code [0x000002552f7ac1a0, 0x000002552f7ac258]
Event: 34.880 Thread 0x00000255397dd000  411       3       org.gradle.internal.classpath.DefaultClassPath$ImmutableUniqueList$Builder::add (57 bytes)
Event: 34.881 Thread 0x00000255397dd000 nmethod 411 0x000002552830c110 code [0x000002552830c300, 0x000002552830c918]
Event: 34.885 Thread 0x000002553973b800  412       4       java.util.regex.Matcher::reset (128 bytes)
Event: 34.893 Thread 0x000002553973b800 nmethod 412 0x000002552f7ac710 code [0x000002552f7ac8c0, 0x000002552f7acad8]
Event: 37.237 Thread 0x000002553973b800  414       4       java.util.zip.ZipUtils::CENNAM (9 bytes)
Event: 37.238 Thread 0x00000255397dd000  416   !   3       java.util.zip.InflaterInputStream::read (138 bytes)
Event: 37.239 Thread 0x00000255397dd000 nmethod 416 0x000002552830cb10 code [0x000002552830cdc0, 0x000002552830dc58]
Event: 37.239 Thread 0x00000255397dd000  417       3       java.util.zip.InflaterInputStream::ensureOpen (18 bytes)

GC Heap History (0 events):
No events

Deoptimization events (1 events):
Event: 9.712 Thread 0x00000255205f4800 Uncommon trap: reason=unstable_if action=reinterpret pc=0x000002552f794010 method=java.lang.String.hashCode()I @ 14 c2

Classes redefined (0 events):
No events

Internal exceptions (4 events):
Event: 12.460 Thread 0x00000255205f4800 Exception <a 'java/lang/NoSuchMethodError'{0x00000000ffec49d0}: java.lang.invoke.DirectMethodHandle$Holder.invokeStaticInit(Ljava/lang/Object;Ljava/lang/Object;)V> (0x00000000ffec49d0) thrown at [./open/src/hotspot/share/interpreter/linkResolver.cpp, line
Event: 15.412 Thread 0x00000255205f4800 Exception <a 'java/lang/NoSuchMethodError'{0x00000000ffc3fec8}: java.lang.invoke.DirectMethodHandle$Holder.invokeStaticInit(Ljava/lang/Object;Ljava/lang/Object;)I> (0x00000000ffc3fec8) thrown at [./open/src/hotspot/share/interpreter/linkResolver.cpp, line
Event: 18.119 Thread 0x00000255205f4800 Exception <a 'java/lang/NoSuchMethodError'{0x00000000ffb152e0}: java.lang.invoke.DirectMethodHandle$Holder.invokeSpecial(Ljava/lang/Object;Ljava/lang/Object;Ljava/lang/Object;Ljava/lang/Object;)I> (0x00000000ffb152e0) thrown at [./open/src/hotspot/share/i
Event: 18.139 Thread 0x00000255205f4800 Exception <a 'java/lang/NoSuchMethodError'{0x00000000ffb4dbd8}: java.lang.invoke.DirectMethodHandle$Holder.invokeSpecialIFC(Ljava/lang/Object;Ljava/lang/Object;I)I> (0x00000000ffb4dbd8) thrown at [./open/src/hotspot/share/interpreter/linkResolver.cpp, lin

Events (10 events):
Event: 18.135 loading class org/gradle/internal/InternalTransformer
Event: 18.135 loading class org/gradle/internal/InternalTransformer done
Event: 18.146 loading class org/gradle/internal/IoActions
Event: 18.146 loading class org/gradle/internal/IoActions done
Event: 18.147 loading class org/gradle/api/Action
Event: 18.147 loading class org/gradle/api/Action done
Event: 30.070 loading class jdk/internal/util/ArraysSupport
Event: 30.070 loading class jdk/internal/util/ArraysSupport done
Event: 30.924 Thread 0x00000255205f4800 DEOPT PACKING pc=0x00000255282c7b68 sp=0x00000059ee2fd3e0
Event: 30.924 Thread 0x00000255205f4800 DEOPT UNPACKING pc=0x0000025527cf6dde sp=0x00000059ee2fc8b0 mode 0


Dynamic libraries:
0x00007ff735310000 - 0x00007ff735320000 	C:\Program Files\Java\jdk-11\bin\java.exe
0x00007ffa8fcb0000 - 0x00007ffa8fea8000 	C:\Windows\SYSTEM32\ntdll.dll
0x00007ffa8e3f0000 - 0x00007ffa8e4ad000 	C:\Windows\System32\KERNEL32.DLL
0x00007ffa8d6d0000 - 0x00007ffa8d9c6000 	C:\Windows\System32\KERNELBASE.dll
0x00007ffa8d9d0000 - 0x00007ffa8dad0000 	C:\Windows\System32\ucrtbase.dll
0x00007ffa87400000 - 0x00007ffa87418000 	C:\Program Files\Java\jdk-11\bin\jli.dll
0x00007ffa8dd10000 - 0x00007ffa8ddbf000 	C:\Windows\System32\ADVAPI32.dll
0x00007ffa8e340000 - 0x00007ffa8e3de000 	C:\Windows\System32\msvcrt.dll
0x00007ffa8e9f0000 - 0x00007ffa8ea8c000 	C:\Windows\System32\sechost.dll
0x00007ffa8ea90000 - 0x00007ffa8ebb6000 	C:\Windows\System32\RPCRT4.dll
0x00007ffa8f340000 - 0x00007ffa8f4de000 	C:\Windows\System32\USER32.dll
0x00007ffa8d4e0000 - 0x00007ffa8d502000 	C:\Windows\System32\win32u.dll
0x00007ffa8ebc0000 - 0x00007ffa8ebec000 	C:\Windows\System32\GDI32.dll
0x00007ffa8d510000 - 0x00007ffa8d62a000 	C:\Windows\System32\gdi32full.dll
0x00007ffa8d630000 - 0x00007ffa8d6cd000 	C:\Windows\System32\msvcp_win.dll
0x00007ffa85ce0000 - 0x00007ffa85cfb000 	C:\Program Files\Java\jdk-11\bin\VCRUNTIME140.dll
0x00007ffa7e090000 - 0x00007ffa7e32a000 	C:\Windows\WinSxS\amd64_microsoft.windows.common-controls_6595b64144ccf1df_6.0.19041.3636_none_60b6a03d71f818d5\COMCTL32.dll
0x00007ffa8bad0000 - 0x00007ffa8bada000 	C:\Windows\SYSTEM32\VERSION.dll
0x00007ffa8e7b0000 - 0x00007ffa8e7e0000 	C:\Windows\System32\IMM32.DLL
0x00007ffa87460000 - 0x00007ffa8746c000 	C:\Program Files\Java\jdk-11\bin\vcruntime140_1.dll
0x00007ffa6feb0000 - 0x00007ffa6ff3e000 	C:\Program Files\Java\jdk-11\bin\msvcp140.dll
0x00007ffa3ae40000 - 0x00007ffa3b9a8000 	C:\Program Files\Java\jdk-11\bin\server\jvm.dll
0x00007ffa8fab0000 - 0x00007ffa8fab8000 	C:\Windows\System32\PSAPI.DLL
0x00007ffa872d0000 - 0x00007ffa872d9000 	C:\Windows\SYSTEM32\WSOCK32.dll
0x00007ffa8e720000 - 0x00007ffa8e78b000 	C:\Windows\System32\WS2_32.dll
0x00007ffa83600000 - 0x00007ffa83627000 	C:\Windows\SYSTEM32\WINMM.dll
0x00007ffa8bc10000 - 0x00007ffa8bc22000 	C:\Windows\SYSTEM32\kernel.appcore.dll
0x00007ffa873a0000 - 0x00007ffa873b0000 	C:\Program Files\Java\jdk-11\bin\verify.dll
0x00007ffa78ea0000 - 0x00007ffa79084000 	C:\Windows\SYSTEM32\DBGHELP.DLL
0x00007ffa794b0000 - 0x00007ffa794e4000 	C:\Windows\SYSTEM32\dbgcore.DLL
0x00007ffa8d400000 - 0x00007ffa8d482000 	C:\Windows\System32\bcryptPrimitives.dll
0x00007ffa83280000 - 0x00007ffa832a8000 	C:\Program Files\Java\jdk-11\bin\java.dll
0x00007ffa86ab0000 - 0x00007ffa86aba000 	C:\Program Files\Java\jdk-11\bin\jimage.dll
0x00007ffa85cc0000 - 0x00007ffa85cd7000 	C:\Program Files\Java\jdk-11\bin\zip.dll
0x00007ffa8ebf0000 - 0x00007ffa8f335000 	C:\Windows\System32\SHELL32.dll
0x00007ffa8b330000 - 0x00007ffa8bacb000 	C:\Windows\SYSTEM32\windows.storage.dll
0x00007ffa8f560000 - 0x00007ffa8f8b4000 	C:\Windows\System32\combase.dll
0x00007ffa8cd00000 - 0x00007ffa8cd2d000 	C:\Windows\SYSTEM32\Wldp.dll
0x00007ffa8e670000 - 0x00007ffa8e71d000 	C:\Windows\System32\SHCORE.dll
0x00007ffa8fa50000 - 0x00007ffa8faa5000 	C:\Windows\System32\shlwapi.dll
0x00007ffa8d2c0000 - 0x00007ffa8d2e5000 	C:\Windows\SYSTEM32\profapi.dll
0x00007ffa83380000 - 0x00007ffa83399000 	C:\Program Files\Java\jdk-11\bin\net.dll
0x00007ffa7f440000 - 0x00007ffa7f54a000 	C:\Windows\SYSTEM32\WINHTTP.dll
0x00007ffa8ca60000 - 0x00007ffa8caca000 	C:\Windows\system32\mswsock.dll
0x00007ffa7d270000 - 0x00007ffa7d282000 	C:\Program Files\Java\jdk-11\bin\nio.dll

dbghelp: loaded successfully - version: 4.0.5 - missing functions: none
symbol engine: initialized successfully - sym options: 0x614 - pdb path: .;C:\Program Files\Java\jdk-11\bin;C:\Windows\SYSTEM32;C:\Windows\WinSxS\amd64_microsoft.windows.common-controls_6595b64144ccf1df_6.0.19041.3636_none_60b6a03d71f818d5;C:\Program Files\Java\jdk-11\bin\server

VM Arguments:
jvm_args: -Xmx64m -Xms64m -Dorg.gradle.appname=gradlew 
java_command: org.gradle.wrapper.GradleWrapperMain tasks
java_class_path (initial): D:\TLNew\PetMeOut\android\\gradle\wrapper\gradle-wrapper.jar
Launcher Type: SUN_STANDARD

[Global flags]
     intx CICompilerCount                          = 2                                         {product} {ergonomic}
     uint ConcGCThreads                            = 1                                         {product} {ergonomic}
     uint G1ConcRefinementThreads                  = 2                                         {product} {ergonomic}
   size_t G1HeapRegionSize                         = 1048576                                   {product} {ergonomic}
    uintx GCDrainStackTargetSize                   = 64                                        {product} {ergonomic}
   size_t InitialHeapSize                          = 67108864                                  {product} {command line}
   size_t MarkStackSize                            = 4194304                                   {product} {ergonomic}
   size_t MaxHeapSize                              = 67108864                                  {product} {command line}
   size_t MaxNewSize                               = 39845888                                  {product} {ergonomic}
   size_t MinHeapDeltaBytes                        = 1048576                                   {product} {ergonomic}
    uintx NonNMethodCodeHeapSize                   = 5825164                                {pd product} {ergonomic}
    uintx NonProfiledCodeHeapSize                  = 122916538                              {pd product} {ergonomic}
    uintx ProfiledCodeHeapSize                     = 122916538                              {pd product} {ergonomic}
    uintx ReservedCodeCacheSize                    = 251658240                              {pd product} {ergonomic}
     bool SegmentedCodeCache                       = true                                      {product} {ergonomic}
     bool UseCompressedClassPointers               = true                                 {lp64_product} {ergonomic}
     bool UseCompressedOops                        = true                                 {lp64_product} {ergonomic}
     bool UseG1GC                                  = true                                      {product} {ergonomic}
     bool UseLargePagesIndividualAllocation        = false                                  {pd product} {ergonomic}

Logging:
Log output configuration:
 #0: stdout all=warning uptime,level,tags
 #1: stderr all=off uptime,level,tags

Environment Variables:
JAVA_HOME=C:\Program Files\Java\jdk-11
CLASSPATH=D:\TLNew\PetMeOut\android\\gradle\wrapper\gradle-wrapper.jar
PATH=D:\TLNew\PetMeOut\node_modules\.bin;D:\TLNew\PetMeOut\node_modules\.bin;D:\TLNew\node_modules\.bin;D:\node_modules\.bin;C:\Program Files\nodejs\node_modules\npm\node_modules\@npmcli\run-script\lib\node-gyp-bin;D:\TLNew\PetMeOut\node_modules\.bin;D:\TLNew\PetMeOut\node_modules\.bin;D:\TLNew\node_modules\.bin;D:\node_modules\.bin;C:\Program Files\nodejs\node_modules\npm\node_modules\@npmcli\run-script\lib\node-gyp-bin;C:\Program Files\Java\jdk-11\bin;C:\Program Files\nodejs\;C:\Program Files\Git\cmd;C:\Users\Admin\AppData\Local\Android\Sdk\platform-tools;C:\Users\Admin\AppData\Local\Programs\Microsoft VS Code\bin
USERNAME=Admin
OS=Windows_NT
PROCESSOR_IDENTIFIER=AMD64 Family 21 Model 112 Stepping 0, AuthenticAMD



---------------  S Y S T E M  ---------------

OS: Windows 10 , 64 bit Build 19041 (10.0.19041.3636)

CPU:total 2 (initial active 2) (2 cores per cpu, 1 threads per core) family 21 model 112 stepping 0 microcode 0x0, cmov, cx8, fxsr, mmx, sse, sse2, sse3, ssse3, sse4.1, sse4.2, popcnt, avx, avx2, aes, clmul, mmxext, 3dnowpref, lzcnt, sse4a, tsc, tscinvbit, tscinv, bmi1, bmi2, fma

Memory: 4k page, system-wide physical 6766M (207M free)
TotalPageFile size 21989M (AvailPageFile size 4M)
current process WorkingSet (physical memory assigned to process): 38M, peak: 40M
current process commit charge ("private bytes"): 127M, peak: 130M

vm_info: Java HotSpot(TM) 64-Bit Server VM (11.0.18+9-LTS-195) for windows-amd64 JRE (11.0.18+9-LTS-195), built on Dec  6 2022 15:50:58 by "mach5one" with MS VC++ 17.1 (VS2022)

END.
