#
# There is insufficient memory for the Java Runtime Environment to continue.
# Native memory allocation (malloc) failed to allocate 32744 bytes for ChunkPool::allocate
# Possible reasons:
#   The system is out of physical RAM or swap space
#   The process is running with CompressedOops enabled, and the Java Heap may be blocking the growth of the native heap
# Possible solutions:
#   Reduce memory load on the system
#   Increase physical memory or swap space
#   Check if swap backing store is full
#   Decrease Java heap size (-Xmx/-Xms)
#   Decrease number of Java threads
#   Decrease Java thread stack sizes (-Xss)
#   Set larger code cache with -XX:ReservedCodeCacheSize=
#   JVM is running with Unscaled Compressed Oops mode in which the Java heap is
#     placed in the first 4GB address space. The Java Heap base address is the
#     maximum limit for the native heap growth. Please use -XX:HeapBaseMinAddress
#     to set the Java Heap base and to place the Java Heap above 4GB virtual address.
# This output file may be truncated or incomplete.
#
#  Out of Memory Error (./open/src/hotspot/share/memory/arena.cpp:81), pid=33984, tid=35428
#
# JRE version: Java(TM) SE Runtime Environment 18.9 (11.0.18+9) (build 11.0.18+9-LTS-195)
# Java VM: Java HotSpot(TM) 64-Bit Server VM 18.9 (11.0.18+9-LTS-195, mixed mode, tiered, compressed oops, g1 gc, windows-amd64)
# No core dump will be written. Minidumps are not enabled by default on client versions of Windows
#

---------------  S U M M A R Y ------------

Command Line: -Xmx64m -Xms64m -Dorg.gradle.appname=gradlew org.gradle.wrapper.GradleWrapperMain tasks

Host: AMD A9-9425 RADEON R5, 5 COMPUTE CORES 2C+3G   , 2 cores, 6G,  Windows 10 , 64 bit Build 19041 (10.0.19041.3636)
Time: Fri Jan  5 15:33:51 2024 India Standard Time elapsed time: 37.060945 seconds (0d 0h 0m 37s)

---------------  T H R E A D  ---------------

Current thread (0x000001a2998bd800):  JavaThread "C1 CompilerThread0" daemon [_thread_in_native, id=35428, stack(0x0000001063d00000,0x0000001063e00000)]


Current CompileTask:
C1:  37061  292       3       java.util.zip.ZipFile$Source::getEntryPos (206 bytes)

Stack: [0x0000001063d00000,0x0000001063e00000]
Native frames: (J=compiled Java code, j=interpreted, Vv=VM code, C=native code)
V  [jvm.dll+0x65d8aa]
V  [jvm.dll+0x79fc1f]
V  [jvm.dll+0x7a12e9]
V  [jvm.dll+0x7a1983]
V  [jvm.dll+0x2585b5]
V  [jvm.dll+0xb2abf]
V  [jvm.dll+0xb2e0c]
V  [jvm.dll+0x171266]
V  [jvm.dll+0x170d62]
V  [jvm.dll+0x16f5f5]
V  [jvm.dll+0x16f91a]
V  [jvm.dll+0x1727c4]
V  [jvm.dll+0x12a465]
V  [jvm.dll+0x129d3f]
V  [jvm.dll+0x129f72]
V  [jvm.dll+0x1292c9]
V  [jvm.dll+0x12b118]
V  [jvm.dll+0x220609]
V  [jvm.dll+0x21e92c]
V  [jvm.dll+0x763f61]
V  [jvm.dll+0x75c924]
V  [jvm.dll+0x65c755]
C  [ucrtbase.dll+0x21bb2]
C  [KERNEL32.DLL+0x17344]
C  [ntdll.dll+0x526b1]


---------------  P R O C E S S  ---------------

Threads class SMR info:
_java_thread_list=0x000001a299ad61a0, length=10, elements={
0x000001a2fe184000, 0x000001a299803000, 0x000001a299805800, 0x000001a299871800,
0x000001a299874000, 0x000001a299875000, 0x000001a29981b000, 0x000001a2998bd800,
0x000001a2999e3000, 0x000001a299ae2000
}

Java Threads: ( => current thread )
  0x000001a2fe184000 JavaThread "main" [_thread_blocked, id=34164, stack(0x0000001062f00000,0x0000001063000000)]
  0x000001a299803000 JavaThread "Reference Handler" daemon [_thread_blocked, id=35316, stack(0x0000001063700000,0x0000001063800000)]
  0x000001a299805800 JavaThread "Finalizer" daemon [_thread_blocked, id=35320, stack(0x0000001063800000,0x0000001063900000)]
  0x000001a299871800 JavaThread "Signal Dispatcher" daemon [_thread_blocked, id=35384, stack(0x0000001063900000,0x0000001063a00000)]
  0x000001a299874000 JavaThread "Attach Listener" daemon [_thread_blocked, id=35388, stack(0x0000001063a00000,0x0000001063b00000)]
  0x000001a299875000 JavaThread "Service Thread" daemon [_thread_blocked, id=35392, stack(0x0000001063b00000,0x0000001063c00000)]
  0x000001a29981b000 JavaThread "C2 CompilerThread0" daemon [_thread_blocked, id=35396, stack(0x0000001063c00000,0x0000001063d00000)]
=>0x000001a2998bd800 JavaThread "C1 CompilerThread0" daemon [_thread_in_native, id=35428, stack(0x0000001063d00000,0x0000001063e00000)]
  0x000001a2999e3000 JavaThread "Sweeper thread" daemon [_thread_blocked, id=35448, stack(0x0000001063e00000,0x0000001063f00000)]
  0x000001a299ae2000 JavaThread "Common-Cleaner" daemon [_thread_blocked, id=35492, stack(0x0000001064000000,0x0000001064100000)]

Other Threads:
  0x000001a2997ff800 VMThread "VM Thread" [stack: 0x0000001063600000,0x0000001063700000] [id=35244]
  0x000001a299ae1000 WatcherThread [stack: 0x0000001063f00000,0x0000001064000000] [id=35488]
  0x000001a2fe193000 GCTaskThread "GC Thread#0" [stack: 0x0000001063100000,0x0000001063200000] [id=35144]
  0x000001a2fe198800 ConcurrentGCThread "G1 Main Marker" [stack: 0x0000001063200000,0x0000001063300000] [id=35148]
  0x000001a2fe19b000 ConcurrentGCThread "G1 Conc#0" [stack: 0x0000001063300000,0x0000001063400000] [id=35152]
  0x000001a2fe1e4800 ConcurrentGCThread "G1 Refine#0" [stack: 0x0000001063400000,0x0000001063500000] [id=35156]
  0x000001a2fe1e7800 ConcurrentGCThread "G1 Young RemSet Sampling" [stack: 0x0000001063500000,0x0000001063600000] [id=35160]

Threads with active compile tasks:
C1 CompilerThread0    44288  292       3       java.util.zip.ZipFile$Source::getEntryPos (206 bytes)

VM state:not at safepoint (normal execution)

VM Mutex/Monitor currently owned by a thread: None

OutOfMemory and StackOverflow Exception counts:
OutOfMemoryError java_heap_errors=2
LinkageErrors=2

Heap address: 0x00000000fc000000, size: 64 MB, Compressed Oops mode: 32-bit
Narrow klass base: 0x0000000000000000, Narrow klass shift: 3
Compressed class space size: 1073741824 Address: 0x0000000100000000

Heap:
 garbage-first heap   total 65536K, used 2048K [0x00000000fc000000, 0x0000000100000000)
  region size 1024K, 4 young (4096K), 0 survivors (0K)
 Metaspace       used 6870K, capacity 7016K, committed 7168K, reserved 1056768K
  class space    used 606K, capacity 676K, committed 768K, reserved 1048576K
Heap Regions: E=young(eden), S=young(survivor), O=old, HS=humongous(starts), HC=humongous(continues), CS=collection set, F=free, A=archive, TAMS=top-at-mark-start (previous, next)
|   0|0x00000000fc000000, 0x00000000fc000000, 0x00000000fc100000|  0%| F|  |TAMS 0x00000000fc000000, 0x00000000fc000000| Untracked 
|   1|0x00000000fc100000, 0x00000000fc100000, 0x00000000fc200000|  0%| F|  |TAMS 0x00000000fc100000, 0x00000000fc100000| Untracked 
|   2|0x00000000fc200000, 0x00000000fc200000, 0x00000000fc300000|  0%| F|  |TAMS 0x00000000fc200000, 0x00000000fc200000| Untracked 
|   3|0x00000000fc300000, 0x00000000fc300000, 0x00000000fc400000|  0%| F|  |TAMS 0x00000000fc300000, 0x00000000fc300000| Untracked 
|   4|0x00000000fc400000, 0x00000000fc400000, 0x00000000fc500000|  0%| F|  |TAMS 0x00000000fc400000, 0x00000000fc400000| Untracked 
|   5|0x00000000fc500000, 0x00000000fc500000, 0x00000000fc600000|  0%| F|  |TAMS 0x00000000fc500000, 0x00000000fc500000| Untracked 
|   6|0x00000000fc600000, 0x00000000fc600000, 0x00000000fc700000|  0%| F|  |TAMS 0x00000000fc600000, 0x00000000fc600000| Untracked 
|   7|0x00000000fc700000, 0x00000000fc700000, 0x00000000fc800000|  0%| F|  |TAMS 0x00000000fc700000, 0x00000000fc700000| Untracked 
|   8|0x00000000fc800000, 0x00000000fc800000, 0x00000000fc900000|  0%| F|  |TAMS 0x00000000fc800000, 0x00000000fc800000| Untracked 
|   9|0x00000000fc900000, 0x00000000fc900000, 0x00000000fca00000|  0%| F|  |TAMS 0x00000000fc900000, 0x00000000fc900000| Untracked 
|  10|0x00000000fca00000, 0x00000000fca00000, 0x00000000fcb00000|  0%| F|  |TAMS 0x00000000fca00000, 0x00000000fca00000| Untracked 
|  11|0x00000000fcb00000, 0x00000000fcb00000, 0x00000000fcc00000|  0%| F|  |TAMS 0x00000000fcb00000, 0x00000000fcb00000| Untracked 
|  12|0x00000000fcc00000, 0x00000000fcc00000, 0x00000000fcd00000|  0%| F|  |TAMS 0x00000000fcc00000, 0x00000000fcc00000| Untracked 
|  13|0x00000000fcd00000, 0x00000000fcd00000, 0x00000000fce00000|  0%| F|  |TAMS 0x00000000fcd00000, 0x00000000fcd00000| Untracked 
|  14|0x00000000fce00000, 0x00000000fce00000, 0x00000000fcf00000|  0%| F|  |TAMS 0x00000000fce00000, 0x00000000fce00000| Untracked 
|  15|0x00000000fcf00000, 0x00000000fcf00000, 0x00000000fd000000|  0%| F|  |TAMS 0x00000000fcf00000, 0x00000000fcf00000| Untracked 
|  16|0x00000000fd000000, 0x00000000fd000000, 0x00000000fd100000|  0%| F|  |TAMS 0x00000000fd000000, 0x00000000fd000000| Untracked 
|  17|0x00000000fd100000, 0x00000000fd100000, 0x00000000fd200000|  0%| F|  |TAMS 0x00000000fd100000, 0x00000000fd100000| Untracked 
|  18|0x00000000fd200000, 0x00000000fd200000, 0x00000000fd300000|  0%| F|  |TAMS 0x00000000fd200000, 0x00000000fd200000| Untracked 
|  19|0x00000000fd300000, 0x00000000fd300000, 0x00000000fd400000|  0%| F|  |TAMS 0x00000000fd300000, 0x00000000fd300000| Untracked 
|  20|0x00000000fd400000, 0x00000000fd400000, 0x00000000fd500000|  0%| F|  |TAMS 0x00000000fd400000, 0x00000000fd400000| Untracked 
|  21|0x00000000fd500000, 0x00000000fd500000, 0x00000000fd600000|  0%| F|  |TAMS 0x00000000fd500000, 0x00000000fd500000| Untracked 
|  22|0x00000000fd600000, 0x00000000fd600000, 0x00000000fd700000|  0%| F|  |TAMS 0x00000000fd600000, 0x00000000fd600000| Untracked 
|  23|0x00000000fd700000, 0x00000000fd700000, 0x00000000fd800000|  0%| F|  |TAMS 0x00000000fd700000, 0x00000000fd700000| Untracked 
|  24|0x00000000fd800000, 0x00000000fd800000, 0x00000000fd900000|  0%| F|  |TAMS 0x00000000fd800000, 0x00000000fd800000| Untracked 
|  25|0x00000000fd900000, 0x00000000fd900000, 0x00000000fda00000|  0%| F|  |TAMS 0x00000000fd900000, 0x00000000fd900000| Untracked 
|  26|0x00000000fda00000, 0x00000000fda00000, 0x00000000fdb00000|  0%| F|  |TAMS 0x00000000fda00000, 0x00000000fda00000| Untracked 
|  27|0x00000000fdb00000, 0x00000000fdb00000, 0x00000000fdc00000|  0%| F|  |TAMS 0x00000000fdb00000, 0x00000000fdb00000| Untracked 
|  28|0x00000000fdc00000, 0x00000000fdc00000, 0x00000000fdd00000|  0%| F|  |TAMS 0x00000000fdc00000, 0x00000000fdc00000| Untracked 
|  29|0x00000000fdd00000, 0x00000000fdd00000, 0x00000000fde00000|  0%| F|  |TAMS 0x00000000fdd00000, 0x00000000fdd00000| Untracked 
|  30|0x00000000fde00000, 0x00000000fde00000, 0x00000000fdf00000|  0%| F|  |TAMS 0x00000000fde00000, 0x00000000fde00000| Untracked 
|  31|0x00000000fdf00000, 0x00000000fdf00000, 0x00000000fe000000|  0%| F|  |TAMS 0x00000000fdf00000, 0x00000000fdf00000| Untracked 
|  32|0x00000000fe000000, 0x00000000fe000000, 0x00000000fe100000|  0%| F|  |TAMS 0x00000000fe000000, 0x00000000fe000000| Untracked 
|  33|0x00000000fe100000, 0x00000000fe100000, 0x00000000fe200000|  0%| F|  |TAMS 0x00000000fe100000, 0x00000000fe100000| Untracked 
|  34|0x00000000fe200000, 0x00000000fe200000, 0x00000000fe300000|  0%| F|  |TAMS 0x00000000fe200000, 0x00000000fe200000| Untracked 
|  35|0x00000000fe300000, 0x00000000fe300000, 0x00000000fe400000|  0%| F|  |TAMS 0x00000000fe300000, 0x00000000fe300000| Untracked 
|  36|0x00000000fe400000, 0x00000000fe400000, 0x00000000fe500000|  0%| F|  |TAMS 0x00000000fe400000, 0x00000000fe400000| Untracked 
|  37|0x00000000fe500000, 0x00000000fe500000, 0x00000000fe600000|  0%| F|  |TAMS 0x00000000fe500000, 0x00000000fe500000| Untracked 
|  38|0x00000000fe600000, 0x00000000fe600000, 0x00000000fe700000|  0%| F|  |TAMS 0x00000000fe600000, 0x00000000fe600000| Untracked 
|  39|0x00000000fe700000, 0x00000000fe700000, 0x00000000fe800000|  0%| F|  |TAMS 0x00000000fe700000, 0x00000000fe700000| Untracked 
|  40|0x00000000fe800000, 0x00000000fe800000, 0x00000000fe900000|  0%| F|  |TAMS 0x00000000fe800000, 0x00000000fe800000| Untracked 
|  41|0x00000000fe900000, 0x00000000fe900000, 0x00000000fea00000|  0%| F|  |TAMS 0x00000000fe900000, 0x00000000fe900000| Untracked 
|  42|0x00000000fea00000, 0x00000000fea00000, 0x00000000feb00000|  0%| F|  |TAMS 0x00000000fea00000, 0x00000000fea00000| Untracked 
|  43|0x00000000feb00000, 0x00000000feb00000, 0x00000000fec00000|  0%| F|  |TAMS 0x00000000feb00000, 0x00000000feb00000| Untracked 
|  44|0x00000000fec00000, 0x00000000fec00000, 0x00000000fed00000|  0%| F|  |TAMS 0x00000000fec00000, 0x00000000fec00000| Untracked 
|  45|0x00000000fed00000, 0x00000000fed00000, 0x00000000fee00000|  0%| F|  |TAMS 0x00000000fed00000, 0x00000000fed00000| Untracked 
|  46|0x00000000fee00000, 0x00000000fee00000, 0x00000000fef00000|  0%| F|  |TAMS 0x00000000fee00000, 0x00000000fee00000| Untracked 
|  47|0x00000000fef00000, 0x00000000fef00000, 0x00000000ff000000|  0%| F|  |TAMS 0x00000000fef00000, 0x00000000fef00000| Untracked 
|  48|0x00000000ff000000, 0x00000000ff000000, 0x00000000ff100000|  0%| F|  |TAMS 0x00000000ff000000, 0x00000000ff000000| Untracked 
|  49|0x00000000ff100000, 0x00000000ff100000, 0x00000000ff200000|  0%| F|  |TAMS 0x00000000ff100000, 0x00000000ff100000| Untracked 
|  50|0x00000000ff200000, 0x00000000ff200000, 0x00000000ff300000|  0%| F|  |TAMS 0x00000000ff200000, 0x00000000ff200000| Untracked 
|  51|0x00000000ff300000, 0x00000000ff300000, 0x00000000ff400000|  0%| F|  |TAMS 0x00000000ff300000, 0x00000000ff300000| Untracked 
|  52|0x00000000ff400000, 0x00000000ff400000, 0x00000000ff500000|  0%| F|  |TAMS 0x00000000ff400000, 0x00000000ff400000| Untracked 
|  53|0x00000000ff500000, 0x00000000ff500000, 0x00000000ff600000|  0%| F|  |TAMS 0x00000000ff500000, 0x00000000ff500000| Untracked 
|  54|0x00000000ff600000, 0x00000000ff600000, 0x00000000ff700000|  0%| F|  |TAMS 0x00000000ff600000, 0x00000000ff600000| Untracked 
|  55|0x00000000ff700000, 0x00000000ff700000, 0x00000000ff800000|  0%| F|  |TAMS 0x00000000ff700000, 0x00000000ff700000| Untracked 
|  56|0x00000000ff800000, 0x00000000ff800000, 0x00000000ff900000|  0%| F|  |TAMS 0x00000000ff800000, 0x00000000ff800000| Untracked 
|  57|0x00000000ff900000, 0x00000000ff900000, 0x00000000ffa00000|  0%| F|  |TAMS 0x00000000ff900000, 0x00000000ff900000| Untracked 
|  58|0x00000000ffa00000, 0x00000000ffa00000, 0x00000000ffb00000|  0%| F|  |TAMS 0x00000000ffa00000, 0x00000000ffa00000| Untracked 
|  59|0x00000000ffb00000, 0x00000000ffb00000, 0x00000000ffc00000|  0%| F|  |TAMS 0x00000000ffb00000, 0x00000000ffb00000| Untracked 
|  60|0x00000000ffc00000, 0x00000000ffc61b30, 0x00000000ffd00000| 38%| E|  |TAMS 0x00000000ffc00000, 0x00000000ffc00000| Complete 
|  61|0x00000000ffd00000, 0x00000000ffe00000, 0x00000000ffe00000|100%| E|  |TAMS 0x00000000ffd00000, 0x00000000ffd00000| Complete 
|  62|0x00000000ffe00000, 0x00000000fff00000, 0x00000000fff00000|100%| E|CS|TAMS 0x00000000ffe00000, 0x00000000ffe00000| Complete 
|  63|0x00000000fff00000, 0x0000000100000000, 0x0000000100000000|100%| E|CS|TAMS 0x00000000fff00000, 0x00000000fff00000| Complete 

Card table byte_map: [0x000001a296a50000,0x000001a296a70000] _byte_map_base: 0x000001a296270000

Marking Bits (Prev, Next): (CMBitMap*) 0x000001a2fe197718, (CMBitMap*) 0x000001a2fe197750
 Prev Bits: [0x000001a296a90000, 0x000001a296b90000)
 Next Bits: [0x000001a296b90000, 0x000001a296c90000)

Polling page: 0x000001a280000000

Metaspace:

Usage:
  Non-class:      6.19 MB capacity,     6.12 MB ( 99%) used,    71.69 KB (  1%) free+waste,     4.19 KB ( <1%) overhead. 
      Class:    676.00 KB capacity,   606.07 KB ( 90%) used,    67.87 KB ( 10%) free+waste,     2.06 KB ( <1%) overhead. 
       Both:      6.85 MB capacity,     6.71 MB ( 98%) used,   139.55 KB (  2%) free+waste,     6.25 KB ( <1%) overhead. 

Virtual space:
  Non-class space:        8.00 MB reserved,       6.25 MB ( 78%) committed 
      Class space:        1.00 GB reserved,     768.00 KB ( <1%) committed 
             Both:        1.01 GB reserved,       7.00 MB ( <1%) committed 

Chunk freelists:
   Non-Class:  7.50 KB
       Class:  3.50 KB
        Both:  11.00 KB

CodeHeap 'non-profiled nmethods': size=120064Kb used=69Kb max_used=69Kb free=119995Kb
 bounds [0x000001a28f0e0000, 0x000001a28f350000, 0x000001a296620000]
CodeHeap 'profiled nmethods': size=120000Kb used=462Kb max_used=462Kb free=119537Kb
 bounds [0x000001a287bb0000, 0x000001a287e20000, 0x000001a28f0e0000]
CodeHeap 'non-nmethods': size=5696Kb used=1059Kb max_used=1072Kb free=4636Kb
 bounds [0x000001a287620000, 0x000001a287890000, 0x000001a287bb0000]
 total_blobs=647 nmethods=293 adapters=267
 compilation: enabled
              stopped_count=0, restarted_count=0
 full_count=0

Compilation events (10 events):
Event: 30.451 Thread 0x000001a2998bd800 nmethod 287 0x000001a287c23310 code [0x000001a287c234a0, 0x000001a287c235d8]
Event: 30.451 Thread 0x000001a2998bd800  288       1       java.security.CodeSource::getLocationNoFragString (5 bytes)
Event: 30.451 Thread 0x000001a2998bd800 nmethod 288 0x000001a28f0f0210 code [0x000001a28f0f03a0, 0x000001a28f0f0458]
Event: 30.456 Thread 0x000001a2998bd800  289       3       java.util.zip.ZipFile$Source::getEntryNext (9 bytes)
Event: 30.456 Thread 0x000001a2998bd800 nmethod 289 0x000001a287c23690 code [0x000001a287c23820, 0x000001a287c23958]
Event: 30.456 Thread 0x000001a2998bd800  290       1       java.util.ArrayList::size (5 bytes)
Event: 30.456 Thread 0x000001a2998bd800 nmethod 290 0x000001a28f0f0510 code [0x000001a28f0f06a0, 0x000001a28f0f0758]
Event: 36.675 Thread 0x000001a2998bd800  291       1       java.lang.Integer::intValue (5 bytes)
Event: 36.675 Thread 0x000001a2998bd800 nmethod 291 0x000001a28f0f0810 code [0x000001a28f0f09a0, 0x000001a28f0f0a58]
Event: 36.678 Thread 0x000001a2998bd800  292       3       java.util.zip.ZipFile$Source::getEntryPos (206 bytes)

GC Heap History (0 events):
No events

Deoptimization events (1 events):
Event: 6.765 Thread 0x000001a2fe184000 Uncommon trap: reason=unstable_if action=reinterpret pc=0x000001a28f0e4020 method=java.lang.String.hashCode()I @ 14 c2

Classes redefined (0 events):
No events

Internal exceptions (1 events):
Event: 21.470 Thread 0x000001a2fe184000 Exception <a 'java/lang/NoSuchMethodError'{0x00000000ffec4560}: java.lang.invoke.DirectMethodHandle$Holder.invokeStaticInit(Ljava/lang/Object;Ljava/lang/Object;)V> (0x00000000ffec4560) thrown at [./open/src/hotspot/share/interpreter/linkResolver.cpp, line

Events (10 events):
Event: 30.453 loading class org/gradle/api/internal/classpath/DefaultModuleRegistry
Event: 30.453 loading class org/gradle/api/internal/classpath/DefaultModuleRegistry done
Event: 30.455 loading class org/gradle/cache/GlobalCache
Event: 30.455 loading class org/gradle/cache/GlobalCache done
Event: 36.675 loading class org/gradle/api/internal/classpath/UnknownModuleException
Event: 36.675 loading class org/gradle/api/internal/classpath/UnknownModuleException done
Event: 36.678 loading class org/gradle/api/internal/classpath/Module
Event: 36.678 loading class org/gradle/api/internal/classpath/Module done
Event: 36.679 loading class org/gradle/api/UncheckedIOException
Event: 36.679 loading class org/gradle/api/UncheckedIOException done


Dynamic libraries:
0x00007ff71e790000 - 0x00007ff71e7a0000 	C:\Program Files\Java\jdk-11\bin\java.exe
0x00007ffd7b830000 - 0x00007ffd7ba28000 	C:\Windows\SYSTEM32\ntdll.dll
0x00007ffd79e20000 - 0x00007ffd79edd000 	C:\Windows\System32\KERNEL32.DLL
0x00007ffd78f40000 - 0x00007ffd79236000 	C:\Windows\System32\KERNELBASE.dll
0x00007ffd79400000 - 0x00007ffd79500000 	C:\Windows\System32\ucrtbase.dll
0x00007ffd72180000 - 0x00007ffd72198000 	C:\Program Files\Java\jdk-11\bin\jli.dll
0x00007ffd7a010000 - 0x00007ffd7a0bf000 	C:\Windows\System32\ADVAPI32.dll
0x00007ffd7a4a0000 - 0x00007ffd7a53e000 	C:\Windows\System32\msvcrt.dll
0x00007ffd79ee0000 - 0x00007ffd79f7c000 	C:\Windows\System32\sechost.dll
0x00007ffd7a760000 - 0x00007ffd7a886000 	C:\Windows\System32\RPCRT4.dll
0x00007ffd7a270000 - 0x00007ffd7a40e000 	C:\Windows\System32\USER32.dll
0x00007ffd79670000 - 0x00007ffd79692000 	C:\Windows\System32\win32u.dll
0x00007ffd79940000 - 0x00007ffd7996c000 	C:\Windows\System32\GDI32.dll
0x00007ffd79500000 - 0x00007ffd7961a000 	C:\Windows\System32\gdi32full.dll
0x00007ffd79360000 - 0x00007ffd793fd000 	C:\Windows\System32\msvcp_win.dll
0x00007ffd72040000 - 0x00007ffd7205b000 	C:\Program Files\Java\jdk-11\bin\VCRUNTIME140.dll
0x00007ffd6a520000 - 0x00007ffd6a7ba000 	C:\Windows\WinSxS\amd64_microsoft.windows.common-controls_6595b64144ccf1df_6.0.19041.3636_none_60b6a03d71f818d5\COMCTL32.dll
0x00007ffd70820000 - 0x00007ffd7082a000 	C:\Windows\SYSTEM32\VERSION.dll
0x00007ffd7a410000 - 0x00007ffd7a440000 	C:\Windows\System32\IMM32.DLL
0x00007ffd74850000 - 0x00007ffd7485c000 	C:\Program Files\Java\jdk-11\bin\vcruntime140_1.dll
0x00007ffd5bf00000 - 0x00007ffd5bf8e000 	C:\Program Files\Java\jdk-11\bin\msvcp140.dll
0x00007ffd2a460000 - 0x00007ffd2afc8000 	C:\Program Files\Java\jdk-11\bin\server\jvm.dll
0x00007ffd7a5b0000 - 0x00007ffd7a5b8000 	C:\Windows\System32\PSAPI.DLL
0x00007ffd74860000 - 0x00007ffd74869000 	C:\Windows\SYSTEM32\WSOCK32.dll
0x00007ffd79db0000 - 0x00007ffd79e1b000 	C:\Windows\System32\WS2_32.dll
0x00007ffd707f0000 - 0x00007ffd70817000 	C:\Windows\SYSTEM32\WINMM.dll
0x00007ffd76dd0000 - 0x00007ffd76de2000 	C:\Windows\SYSTEM32\kernel.appcore.dll
0x00007ffd723a0000 - 0x00007ffd723b0000 	C:\Program Files\Java\jdk-11\bin\verify.dll
0x00007ffd66a50000 - 0x00007ffd66c34000 	C:\Windows\SYSTEM32\DBGHELP.DLL
0x00007ffd66a10000 - 0x00007ffd66a44000 	C:\Windows\SYSTEM32\dbgcore.DLL
0x00007ffd796a0000 - 0x00007ffd79722000 	C:\Windows\System32\bcryptPrimitives.dll
0x00007ffd70fe0000 - 0x00007ffd71008000 	C:\Program Files\Java\jdk-11\bin\java.dll
0x00007ffd721f0000 - 0x00007ffd721fa000 	C:\Program Files\Java\jdk-11\bin\jimage.dll
0x00007ffd71050000 - 0x00007ffd71067000 	C:\Program Files\Java\jdk-11\bin\zip.dll
0x00007ffd7a890000 - 0x00007ffd7afd5000 	C:\Windows\System32\SHELL32.dll
0x00007ffd76fd0000 - 0x00007ffd7776b000 	C:\Windows\SYSTEM32\windows.storage.dll
0x00007ffd79a50000 - 0x00007ffd79da4000 	C:\Windows\System32\combase.dll
0x00007ffd78880000 - 0x00007ffd788ad000 	C:\Windows\SYSTEM32\Wldp.dll
0x00007ffd79890000 - 0x00007ffd7993d000 	C:\Windows\System32\SHCORE.dll
0x00007ffd7a440000 - 0x00007ffd7a495000 	C:\Windows\System32\shlwapi.dll
0x00007ffd78e40000 - 0x00007ffd78e65000 	C:\Windows\SYSTEM32\profapi.dll
0x00007ffd70fc0000 - 0x00007ffd70fd9000 	C:\Program Files\Java\jdk-11\bin\net.dll
0x00007ffd6b630000 - 0x00007ffd6b73a000 	C:\Windows\SYSTEM32\WINHTTP.dll
0x00007ffd785e0000 - 0x00007ffd7864a000 	C:\Windows\system32\mswsock.dll
0x00007ffd70f40000 - 0x00007ffd70f52000 	C:\Program Files\Java\jdk-11\bin\nio.dll

dbghelp: loaded successfully - version: 4.0.5 - missing functions: none
symbol engine: initialized successfully - sym options: 0x614 - pdb path: .;C:\Program Files\Java\jdk-11\bin;C:\Windows\SYSTEM32;C:\Windows\WinSxS\amd64_microsoft.windows.common-controls_6595b64144ccf1df_6.0.19041.3636_none_60b6a03d71f818d5;C:\Program Files\Java\jdk-11\bin\server

VM Arguments:
jvm_args: -Xmx64m -Xms64m -Dorg.gradle.appname=gradlew 
java_command: org.gradle.wrapper.GradleWrapperMain tasks
java_class_path (initial): D:\TLNew\PetMeOut\android\\gradle\wrapper\gradle-wrapper.jar
Launcher Type: SUN_STANDARD

[Global flags]
     intx CICompilerCount                          = 2                                         {product} {ergonomic}
     uint ConcGCThreads                            = 1                                         {product} {ergonomic}
     uint G1ConcRefinementThreads                  = 2                                         {product} {ergonomic}
   size_t G1HeapRegionSize                         = 1048576                                   {product} {ergonomic}
    uintx GCDrainStackTargetSize                   = 64                                        {product} {ergonomic}
   size_t InitialHeapSize                          = 67108864                                  {product} {command line}
   size_t MarkStackSize                            = 4194304                                   {product} {ergonomic}
   size_t MaxHeapSize                              = 67108864                                  {product} {command line}
   size_t MaxNewSize                               = 39845888                                  {product} {ergonomic}
   size_t MinHeapDeltaBytes                        = 1048576                                   {product} {ergonomic}
    uintx NonNMethodCodeHeapSize                   = 5825164                                {pd product} {ergonomic}
    uintx NonProfiledCodeHeapSize                  = 122916538                              {pd product} {ergonomic}
    uintx ProfiledCodeHeapSize                     = 122916538                              {pd product} {ergonomic}
    uintx ReservedCodeCacheSize                    = 251658240                              {pd product} {ergonomic}
     bool SegmentedCodeCache                       = true                                      {product} {ergonomic}
     bool UseCompressedClassPointers               = true                                 {lp64_product} {ergonomic}
     bool UseCompressedOops                        = true                                 {lp64_product} {ergonomic}
     bool UseG1GC                                  = true                                      {product} {ergonomic}
     bool UseLargePagesIndividualAllocation        = false                                  {pd product} {ergonomic}

Logging:
Log output configuration:
 #0: stdout all=warning uptime,level,tags
 #1: stderr all=off uptime,level,tags

Environment Variables:
JAVA_HOME=C:\Program Files\Java\jdk-11
CLASSPATH=D:\TLNew\PetMeOut\android\\gradle\wrapper\gradle-wrapper.jar
PATH=D:\TLNew\PetMeOut\node_modules\.bin;D:\TLNew\PetMeOut\node_modules\.bin;D:\TLNew\node_modules\.bin;D:\node_modules\.bin;C:\Program Files\nodejs\node_modules\npm\node_modules\@npmcli\run-script\lib\node-gyp-bin;D:\TLNew\PetMeOut\node_modules\.bin;D:\TLNew\PetMeOut\node_modules\.bin;D:\TLNew\node_modules\.bin;D:\node_modules\.bin;C:\Program Files\nodejs\node_modules\npm\node_modules\@npmcli\run-script\lib\node-gyp-bin;C:\Program Files\Java\jdk-11\bin;C:\Program Files\nodejs\;C:\Program Files\Git\cmd;C:\Users\Admin\AppData\Local\Android\Sdk\platform-tools;C:\Users\Admin\AppData\Local\Programs\Microsoft VS Code\bin
USERNAME=Admin
OS=Windows_NT
PROCESSOR_IDENTIFIER=AMD64 Family 21 Model 112 Stepping 0, AuthenticAMD



---------------  S Y S T E M  ---------------

OS: Windows 10 , 64 bit Build 19041 (10.0.19041.3636)

CPU:total 2 (initial active 2) (2 cores per cpu, 1 threads per core) family 21 model 112 stepping 0 microcode 0x0, cmov, cx8, fxsr, mmx, sse, sse2, sse3, ssse3, sse4.1, sse4.2, popcnt, avx, avx2, aes, clmul, mmxext, 3dnowpref, lzcnt, sse4a, tsc, tscinvbit, tscinv, bmi1, bmi2, fma

Memory: 4k page, system-wide physical 6766M (459M free)
TotalPageFile size 21989M (AvailPageFile size 26M)
current process WorkingSet (physical memory assigned to process): 35M, peak: 35M
current process commit charge ("private bytes"): 127M, peak: 127M

vm_info: Java HotSpot(TM) 64-Bit Server VM (11.0.18+9-LTS-195) for windows-amd64 JRE (11.0.18+9-LTS-195), built on Dec  6 2022 15:50:58 by "mach5one" with MS VC++ 17.1 (VS2022)

END.
